<?xml version="1.0" encoding="utf-8"?><testsuites name="pytest tests"><testsuite name="pytest" errors="0" failures="0" skipped="0" tests="1125" time="156.745" timestamp="2026-09-13T17:03:57.065761+04:00" hostname="AliMirişli"><testcase classname="tests.test_medical_academy" name="test_extract_json_tolerates_fences_and_prose_but_never_guesses" time="0.046" /><testcase classname="tests.test_medical_academy" name="test_validate_names_each_problem_and_coercion_trims_instead_of_failing" time="0.029" /><testcase classname="tests.test_medical_academy" name="test_the_model_client_repairs_one_bad_reply_then_refuses_to_pretend" time="0.033" /><testcase classname="tests.test_medical_academy" name="test_the_facade_reports_an_offline_academy_and_a_validated_session" time="0.317" /><testcase classname="tests.test_medical_academy" name="test_curriculum_terminology_and_anatomy_answer_from_the_shipped_data" time="0.238" /><testcase classname="tests.test_medical_academy" name="test_question_bank_filters_flags_and_refuses_an_impossible_answer_key" time="0.243" /><testcase classname="tests.test_medical_academy" name="test_an_unknown_subject_filter_narrows_to_nothing_and_says_so" time="0.231" /><testcase classname="tests.test_medical_academy" name="test_the_four_medical_tools_register_read_only_and_answer_honestly" time="0.273" /><testcase classname="tests.test_medical_academy" name="test_a_study_turn_is_augmented_and_a_household_turn_is_left_alone" time="0.265" /><testcase classname="tests.test_medical_academy" name="test_navigation_and_a_subjectless_exam_are_handled_without_a_model" time="0.455" /><testcase classname="tests.test_medical_academy" name="test_a_chat_quiz_grades_records_mastery_and_closes_with_a_summary" time="0.282" /><testcase classname="tests.test_medical_academy" name="test_a_bare_stop_word_closes_the_quiz_the_intro_promised_it_would" time="0.457" /><testcase classname="tests.test_medical_academy" name="test_a_stop_word_is_a_whole_word_so_dura_mater_never_closes_a_quiz" time="0.457" /><testcase classname="tests.test_medical_academy" name="test_generation_keeps_valid_unique_items_and_says_what_it_dropped" time="0.470" /><testcase classname="tests.test_medical_academy" name="test_generation_refuses_without_a_model_a_subject_or_a_usable_draft" time="1.699" /><testcase classname="tests.test_medical_academy" name="test_exam_titles_name_the_topic_the_filter_and_the_size" time="0.781" /><testcase classname="tests.test_medical_anatomy" name="test_a_bone_card_keeps_the_documented_section_order_and_its_landmarks" time="0.098" /><testcase classname="tests.test_medical_anatomy" name="test_every_kind_gets_its_own_section_order" time="0.033" /><testcase classname="tests.test_medical_anatomy" name="test_relations_carry_the_inverse_of_incoming_edges" time="0.044" /><testcase classname="tests.test_medical_anatomy" name="test_the_landmark_map_is_schematic_and_never_geometry" time="0.029" /><testcase classname="tests.test_medical_anatomy" name="test_a_card_never_invents_a_missing_relation_or_topic_path" time="0.030" /><testcase classname="tests.test_medical_anatomy" name="test_search_finds_a_structure_by_latin_turkish_and_english_name" time="0.162" /><testcase classname="tests.test_medical_anatomy" name="test_facts_for_prompt_is_bounded_and_states_origo_insertio_innervatio" time="0.029" /><testcase classname="tests.test_medical_anatomy" name="test_joint_movements_carry_axis_plane_and_the_muscles_that_make_them" time="0.032" /><testcase classname="tests.test_medical_anatomy" name="test_a_line_that_only_mentions_a_movement_is_not_presented_as_one" time="0.032" /><testcase classname="tests.test_medical_anatomy" name="test_the_landmark_quiz_is_deterministic_and_has_one_correct_answer" time="0.033" /><testcase classname="tests.test_medical_anatomy" name="test_a_structure_without_landmarks_falls_back_to_fact_questions" time="0.047" /><testcase classname="tests.test_medical_anatomy" name="test_a_quiz_too_short_to_fill_is_never_topped_up_with_its_own_questions" time="0.047" /><testcase classname="tests.test_medical_anatomy" name="test_two_muscles_that_share_a_nerve_never_offer_the_same_option_twice" time="0.027" /><testcase classname="tests.test_medical_anatomy" name="test_a_peer_that_states_the_answer_in_another_length_is_never_a_distractor" time="0.029" /><testcase classname="tests.test_medical_anatomy" name="test_a_landmark_is_never_asked_against_a_sibling_that_says_its_name" time="0.030" /><testcase classname="tests.test_medical_anatomy" name="test_no_option_but_the_key_is_a_true_answer_for_the_structure_it_asks_about" time="9.264" /><testcase classname="tests.test_medical_anatomy" name="test_a_nerve_is_quizzed_on_its_origin_course_and_motor_field" time="0.054" /><testcase classname="tests.test_medical_anatomy" name="test_without_an_asset_directory_the_lab_offers_no_geometry" time="0.050" /><testcase classname="tests.test_medical_anatomy" name="test_manifest_entries_without_a_licence_or_source_are_refused" time="0.061" /><testcase classname="tests.test_medical_anatomy" name="test_a_licensed_obj_loads_with_positions_triangles_and_bounds" time="0.068" /><testcase classname="tests.test_medical_anatomy" name="test_parse_obj_refuses_a_file_without_geometry" time="0.050" /><testcase classname="tests.test_medical_anatomy" name="test_the_obj_parser_reads_every_vertex_once_and_keeps_no_dead_line" time="0.051" /><testcase classname="tests.test_medical_anatomy" name="test_a_scene_lists_only_structures_the_manifest_carries_and_files_that_exist" time="0.048" /><testcase classname="tests.test_medical_anatomy" name="test_a_mesh_carries_the_axis_convention_its_manifest_states" time="0.051" /><testcase classname="tests.test_medical_anatomy" name="test_the_lab_exposes_the_scenes_beside_the_hierarchy" time="0.232" /><testcase classname="tests.test_medical_anatomy" name="test_the_importer_merges_element_files_and_rebases_every_face" time="0.061" /><testcase classname="tests.test_medical_anatomy" name="test_the_pilot_mapping_names_every_structure_the_data_knows" time="0.053" /><testcase classname="tests.test_medical_anatomy" name="test_vessels_are_cards_of_their_own_kind" time="0.066" /><testcase classname="tests.test_medical_anatomy" name="test_pins_follow_the_shape_and_say_they_are_approximate" time="0.052" /><testcase classname="tests.test_medical_anatomy" name="test_a_structure_without_rules_or_without_enough_vertices_gets_no_pins" time="0.053" /><testcase classname="tests.test_medical_anatomy" name="test_the_registry_reads_hand_placed_and_derived_pins_alike" time="0.055" /><testcase classname="tests.test_medical_anatomy" name="test_reimporting_keeps_a_confirmed_pin_over_a_derived_one" time="0.067" /><testcase classname="tests.test_medical_anatomy" name="test_the_neurocranium_card_explains_the_fossae_and_their_foramina" time="0.069" /><testcase classname="tests.test_medical_anatomy" name="test_tables_keep_one_shape_and_drop_what_does_not_fit" time="0.048" /><testcase classname="tests.test_medical_anatomy" name="test_every_scene_mapping_names_structures_the_data_knows" time="0.058" /><testcase classname="tests.test_medical_anatomy" name="test_skull_rules_put_the_foramen_magnum_low_and_the_crista_galli_high" time="0.052" /><testcase classname="tests.test_medical_anatomy" name="test_a_scene_carries_its_card_palette_and_note" time="0.052" /><testcase classname="tests.test_medical_anatomy" name="test_the_cranial_nerves_have_an_overview_and_a_card_each" time="0.064" /><testcase classname="tests.test_medical_anatomy" name="test_the_overview_exits_agree_with_the_skull_foramina" time="0.064" /><testcase classname="tests.test_medical_anatomy" name="test_cranial_nerve_fields_do_not_leak_into_peripheral_nerves" time="0.077" /><testcase classname="tests.test_medical_anatomy" name="test_the_viscerocranium_completes_the_skull" time="0.062" /><testcase classname="tests.test_medical_anatomy" name="test_the_full_cranium_scene_draws_braincase_and_face_together" time="0.060" /><testcase classname="tests.test_medical_anatomy" name="test_a_region_card_is_quizzed_from_its_tables" time="0.069" /><testcase classname="tests.test_medical_anatomy" name="test_the_skull_base_quiz_asks_the_bone_not_the_sentence" time="0.064" /><testcase classname="tests.test_medical_anatomy" name="test_a_card_without_tables_or_landmarks_is_not_quizzed_from_thin_air" time="0.056" /><testcase classname="tests.test_medical_anatomy" name="test_the_vertebral_column_has_an_overview_and_the_key_vertebrae" time="0.067" /><testcase classname="tests.test_medical_anatomy" name="test_the_spine_scene_is_a_continuous_column_in_coloured_groups" time="0.055" /><testcase classname="tests.test_medical_anatomy" name="test_the_craniovertebral_and_jaw_joints_tie_the_skull_to_spine" time="0.088" /><testcase classname="tests.test_medical_anatomy" name="test_the_thoracic_cage_classifies_the_ribs_and_builds_a_rib_cage" time="0.078" /><testcase classname="tests.test_medical_anatomy" name="test_the_rib_cage_scene_draws_ribs_sternum_and_spine_together" time="0.073" /><testcase classname="tests.test_medical_anatomy" name="test_the_abdominal_wall_carries_the_rectus_sheath_and_inguinal_canal" time="0.145" /><testcase classname="tests.test_medical_anatomy" name="test_the_head_and_neck_vessels_carry_the_carotid_system" time="0.098" /><testcase classname="tests.test_medical_anatomy" name="test_the_lower_limb_vessels_mirror_the_upper_limb" time="0.103" /><testcase classname="tests.test_medical_anatomy" name="test_the_atlas_allowlist_is_answerable_by_the_curriculum_data" time="0.086" /><testcase classname="tests.test_medical_anatomy" name="test_an_installed_pack_keeps_its_provenance_and_never_overwrites_a_mesh" time="0.380" /><testcase classname="tests.test_medical_anatomy" name="test_a_pack_that_does_not_match_its_reviewed_source_is_refused[checksum-&lt;lambda&gt;]" time="0.192" /><testcase classname="tests.test_medical_anatomy" name="test_a_pack_that_does_not_match_its_reviewed_source_is_refused[revision-&lt;lambda&gt;]" time="0.189" /><testcase classname="tests.test_medical_anatomy" name="test_a_pack_that_does_not_match_its_reviewed_source_is_refused[objects-&lt;lambda&gt;]" time="0.128" /><testcase classname="tests.test_medical_anatomy" name="test_a_pack_that_does_not_match_its_reviewed_source_is_refused[licence-&lt;lambda&gt;]" time="0.131" /><testcase classname="tests.test_medical_anatomy" name="test_a_pack_that_does_not_match_its_reviewed_source_is_refused[attribution-&lt;lambda&gt;]" time="0.118" /><testcase classname="tests.test_medical_anatomy" name="test_a_pack_that_does_not_match_its_reviewed_source_is_refused[frame-&lt;lambda&gt;]" time="0.116" /><testcase classname="tests.test_medical_anatomy" name="test_a_pack_that_does_not_match_its_reviewed_source_is_refused[side-&lt;lambda&gt;]" time="0.119" /><testcase classname="tests.test_medical_anatomy" name="test_a_pack_that_does_not_match_its_reviewed_source_is_refused[triangles-&lt;lambda&gt;]" time="0.125" /><testcase classname="tests.test_medical_anatomy" name="test_a_pack_that_does_not_match_its_reviewed_source_is_refused[file-&lt;lambda&gt;]" time="0.121" /><testcase classname="tests.test_medical_anatomy" name="test_a_pack_that_does_not_match_its_reviewed_source_is_refused[scenes-&lt;lambda&gt;]" time="0.102" /><testcase classname="tests.test_medical_anatomy" name="test_a_pack_that_does_not_match_its_reviewed_source_is_refused[incomplete-&lt;lambda&gt;]" time="0.139" /><testcase classname="tests.test_medical_anatomy" name="test_a_pack_that_does_not_match_its_reviewed_source_is_refused[pin_outside-&lt;lambda&gt;]" time="0.112" /><testcase classname="tests.test_medical_anatomy" name="test_a_pin_the_curriculum_cannot_name_is_refused" time="0.123" /><testcase classname="tests.test_medical_anatomy" name="test_a_custom_scene_may_not_mix_two_coordinate_frames" time="0.219" /><testcase classname="tests.test_medical_anatomy" name="test_the_atlas_pipeline_never_reaches_the_running_application" time="0.498" /><testcase classname="tests.test_medical_anatomy" name="test_full_atlas_install_adds_source_cards_without_replacing_curated_lessons" time="0.280" /><testcase classname="tests.test_medical_anatomy" name="test_installer_rejects_invalid_normal_indices_even_with_valid_checksum" time="0.102" /><testcase classname="tests.test_medical_catalog" name="test_every_subject_exists_as_a_root_with_a_turkish_label" time="0.047" /><testcase classname="tests.test_medical_catalog" name="test_dotted_ids_are_unique_and_agree_with_parents_and_order" time="0.055" /><testcase classname="tests.test_medical_catalog" name="test_navigation_walks_the_hierarchy_and_rejects_junk_ids" time="0.047" /><testcase classname="tests.test_medical_catalog" name="test_tree_mirrors_the_flat_catalogue" time="0.044" /><testcase classname="tests.test_medical_catalog" name="test_search_ranks_the_specific_topic_above_its_parent" time="0.043" /><testcase classname="tests.test_medical_catalog" name="test_search_refuses_matches_that_are_only_prefix_stems" time="0.048" /><testcase classname="tests.test_medical_catalog" name="test_resolve_subject_prefers_the_named_subject_over_topic_keywords" time="0.056" /><testcase classname="tests.test_medical_catalog" name="test_resolve_subject_reads_a_keyword_prefix_as_a_hint_not_as_a_name" time="0.041" /><testcase classname="tests.test_medical_catalog" name="test_valid_subject_accepts_the_id_or_the_turkish_label" time="0.040" /><testcase classname="tests.test_medical_catalog" name="test_a_custom_curriculum_file_falls_back_and_rejects_duplicate_ids" time="0.043" /><testcase classname="tests.test_medical_catalog" name="test_every_relation_target_in_the_data_resolves_to_a_real_concept" time="0.051" /><testcase classname="tests.test_medical_catalog" name="test_graph_indexes_concepts_by_subject_and_by_topic" time="0.060" /><testcase classname="tests.test_medical_catalog" name="test_related_returns_outgoing_relations_and_named_inverses" time="0.068" /><testcase classname="tests.test_medical_catalog" name="test_register_adds_a_concept_with_a_labelled_inverse_edge" time="0.045" /><testcase classname="tests.test_medical_catalog" name="test_structure_concepts_derive_anatomy_concepts_and_merge_into_the_graph" time="0.118" /><testcase classname="tests.test_medical_catalog" name="test_structure_relations_follow_the_target_structure_own_concept_id" time="0.061" /><testcase classname="tests.test_medical_catalog" name="test_find_matches_an_alias_inside_a_sentence" time="0.073" /><testcase classname="tests.test_medical_convert" name="test_find_powerpoint_answers_a_path_or_none_without_raising" time="0.060" /><testcase classname="tests.test_medical_convert" name="test_a_deck_is_converted_once_and_then_served_from_the_cache" time="0.090" /><testcase classname="tests.test_medical_convert" name="test_the_converter_refuses_what_it_should_and_names_an_empty_export" time="0.055" /><testcase classname="tests.test_medical_convert" name="test_without_powerpoint_the_converter_says_so_instead_of_pretending" time="0.054" /><testcase classname="tests.test_medical_convert" name="test_without_a_cache_directory_the_pdf_lands_in_a_temporary_folder" time="0.076" /><testcase classname="tests.test_medical_documents" name="test_import_file_dedupes_by_content_and_refuses_bad_input" time="0.085" /><testcase classname="tests.test_medical_documents" name="test_re_import_repairs_a_document_whose_stored_copy_vanished" time="0.081" /><testcase classname="tests.test_medical_documents" name="test_re_import_restores_a_ready_document_without_re_extracting_it" time="0.081" /><testcase classname="tests.test_medical_documents" name="test_re_import_writes_the_repaired_copy_under_the_current_directory" time="0.103" /><testcase classname="tests.test_medical_documents" name="test_oversized_file_reports_a_size_the_reader_can_act_on" time="0.081" /><testcase classname="tests.test_medical_documents" name="test_import_text_splits_pages_on_form_feeds_and_refuses_empty_text" time="0.087" /><testcase classname="tests.test_medical_documents" name="test_split_text_pages_and_page_headings" time="0.077" /><testcase classname="tests.test_medical_documents" name="test_process_walks_the_real_status_sequence_and_ends_ready" time="0.089" /><testcase classname="tests.test_medical_documents" name="test_process_records_failure_honestly_and_never_raises" time="0.090" /><testcase classname="tests.test_medical_documents" name="test_pdf_pages_are_extracted_and_the_vision_budget_is_honoured" time="0.495" /><testcase classname="tests.test_medical_documents" name="test_delete_removes_the_document_its_pages_chunks_and_stored_copy" time="0.100" /><testcase classname="tests.test_medical_documents" name="test_attach_visual_summary_makes_a_figure_searchable" time="0.088" /><testcase classname="tests.test_medical_documents" name="test_retrieval_is_scoped_to_documents_and_page_ranges" time="0.095" /><testcase classname="tests.test_medical_documents" name="test_evidence_never_invents_a_page_and_labels_its_sources" time="0.084" /><testcase classname="tests.test_medical_documents" name="test_page_evidence_returns_a_page_in_order_within_its_character_budget" time="0.074" /><testcase classname="tests.test_medical_documents" name="test_page_evidence_marks_the_cut_instead_of_dropping_an_oversized_first_chunk" time="0.086" /><testcase classname="tests.test_medical_documents" name="test_the_search_index_rebuilds_when_the_store_changes" time="0.075" /><testcase classname="tests.test_medical_documents" name="test_bm25_ranks_the_better_match_first_and_filters_apply" time="0.070" /><testcase classname="tests.test_medical_documents" name="test_synonym_expansion_finds_a_turkish_query_in_an_english_chunk" time="0.076" /><testcase classname="tests.test_medical_documents" name="test_a_drawn_diagram_joins_the_vision_pass_behind_the_pictured_pages" time="0.073" /><testcase classname="tests.test_medical_documents" name="test_a_presentation_is_stored_as_the_pdf_made_from_it_and_dedupes_by_the_deck" time="0.128" /><testcase classname="tests.test_medical_documents" name="test_a_presentation_is_refused_plainly_when_nothing_can_convert_it" time="0.085" /><testcase classname="tests.test_medical_documents" name="test_a_numbered_or_default_title_is_replaced_by_the_first_heading" time="0.112" /><testcase classname="tests.test_medical_exams" name="test_generation_without_a_provider_says_so_instead_of_returning_nothing" time="0.157" /><testcase classname="tests.test_medical_exams" name="test_generation_without_a_subject_or_topic_refuses_to_guess_one" time="0.174" /><testcase classname="tests.test_medical_exams" name="test_strict_lecture_mode_refuses_when_the_documents_yield_no_text" time="0.197" /><testcase classname="tests.test_medical_exams" name="test_a_model_that_never_produces_a_valid_item_raises_rather_than_shipping_one" time="0.160" /><testcase classname="tests.test_medical_exams" name="test_a_provider_failure_on_the_first_round_is_reported_as_a_generation_error" time="0.151" /><testcase classname="tests.test_medical_exams" name="test_an_accepted_item_is_persisted_and_carries_its_concept_and_topic" time="0.151" /><testcase classname="tests.test_medical_exams" name="test_a_rejected_draft_is_counted_in_the_notes_and_never_returned" time="0.155" /><testcase classname="tests.test_medical_exams" name="test_a_near_copy_of_a_bank_question_is_rejected_as_too_similar" time="0.148" /><testcase classname="tests.test_medical_exams" name="test_a_new_item_survives_alongside_an_existing_question_on_the_same_topic" time="0.140" /><testcase classname="tests.test_medical_exams" name="test_the_avoid_list_of_earlier_stems_is_shown_to_the_model" time="0.158" /><testcase classname="tests.test_medical_exams" name="test_a_short_batch_is_reported_rather_than_padded_to_the_requested_count" time="0.175" /><testcase classname="tests.test_medical_exams" name="test_an_option_that_names_other_options_by_letter_never_reaches_the_paper" time="0.158" /><testcase classname="tests.test_medical_exams" name="test_options_are_shuffled_so_the_drafted_letter_is_not_always_the_key" time="0.182" /><testcase classname="tests.test_medical_exams" name="test_lecture_evidence_reaches_the_prompt_with_its_page_number" time="0.164" /><testcase classname="tests.test_medical_exams" name="test_an_item_drawn_from_a_lecture_page_is_marked_lecture_derived" time="0.167" /><testcase classname="tests.test_medical_exams" name="test_an_item_without_a_source_page_stays_marked_as_generated" time="0.172" /><testcase classname="tests.test_medical_exams" name="test_an_item_is_cited_to_the_document_whose_excerpt_it_names" time="0.177" /><testcase classname="tests.test_medical_exams" name="test_a_page_two_documents_share_is_left_uncited_rather_than_attributed_to_one" time="0.116" /><testcase classname="tests.test_medical_exams" name="test_a_source_page_that_no_excerpt_carries_leaves_the_item_marked_generated" time="0.112" /><testcase classname="tests.test_medical_exams" name="test_standard_first_without_documents_sends_no_lecture_evidence" time="0.104" /><testcase classname="tests.test_medical_exams" name="test_weak_concepts_are_emphasised_only_when_the_config_asks_for_it" time="0.136" /><testcase classname="tests.test_medical_exams" name="test_a_professor_directive_is_forwarded_verbatim_to_the_model" time="0.097" /><testcase classname="tests.test_medical_exams" name="test_bank_selection_prefers_the_questions_the_student_got_wrong" time="0.094" /><testcase classname="tests.test_medical_exams" name="test_bank_selection_never_returns_an_excluded_question" time="0.085" /><testcase classname="tests.test_medical_exams" name="test_bank_selection_skips_items_with_no_answer_key" time="0.094" /><testcase classname="tests.test_medical_exams" name="test_bank_selection_returns_no_more_than_the_requested_count" time="0.093" /><testcase classname="tests.test_medical_exams" name="test_bank_selection_of_an_empty_bank_returns_nothing_rather_than_raising" time="0.104" /><testcase classname="tests.test_medical_exams" name="test_a_given_title_is_kept_and_capped" time="0.069" /><testcase classname="tests.test_medical_exams" name="test_a_missing_title_is_built_from_the_topic_and_the_count" time="0.064" /><testcase classname="tests.test_medical_exams" name="test_a_subject_only_exam_is_named_after_its_subjects" time="0.068" /><testcase classname="tests.test_medical_exams" name="test_a_wrong_only_exam_says_so_in_its_title" time="0.067" /><testcase classname="tests.test_medical_exams" name="test_an_exam_records_its_questions_notes_and_mode" time="0.081" /><testcase classname="tests.test_medical_exams" name="test_immediate_feedback_makes_it_a_study_sitting_rather_than_a_simulation" time="0.083" /><testcase classname="tests.test_medical_exams" name="test_randomising_keeps_every_question_and_only_changes_the_order" time="0.097" /><testcase classname="tests.test_medical_exams" name="test_the_paper_shows_no_answer_key_while_the_sitting_is_open" time="0.303" /><testcase classname="tests.test_medical_exams" name="test_finishing_reveals_the_keys_and_scores_what_was_answered" time="0.371" /><testcase classname="tests.test_medical_exams" name="test_an_answer_to_a_question_outside_the_exam_is_refused" time="0.322" /><testcase classname="tests.test_medical_exams" name="test_an_answer_can_be_changed_before_the_sitting_ends" time="0.338" /><testcase classname="tests.test_medical_exams" name="test_immediate_feedback_explains_the_answer_as_soon_as_it_is_given" time="0.326" /><testcase classname="tests.test_medical_exams" name="test_a_study_sitting_records_mastery_at_the_time_of_the_answer" time="0.339" /><testcase classname="tests.test_medical_exams" name="test_a_simulation_records_nothing_until_it_is_finished" time="0.327" /><testcase classname="tests.test_medical_exams" name="test_an_unanswered_question_is_not_recorded_as_a_wrong_attempt" time="0.322" /><testcase classname="tests.test_medical_exams" name="test_starting_a_finished_exam_again_begins_a_fresh_attempt" time="0.382" /><testcase classname="tests.test_medical_exams" name="test_a_wrong_only_exam_is_built_from_the_questions_that_were_missed" time="0.354" /><testcase classname="tests.test_medical_exams" name="test_a_wrong_only_exam_without_any_history_says_so" time="0.342" /><testcase classname="tests.test_medical_exams" name="test_an_exam_summary_reports_the_score_after_the_sitting" time="0.348" /><testcase classname="tests.test_medical_exams" name="test_deleting_an_exam_removes_it_from_the_history" time="0.333" /><testcase classname="tests.test_medical_exams" name="test_weak_concepts_are_listed_before_merely_moderate_ones" time="0.098" /><testcase classname="tests.test_medical_exams" name="test_the_weak_list_can_be_confined_to_one_subject" time="0.084" /><testcase classname="tests.test_medical_exams" name="test_strong_concepts_are_ordered_by_their_streak" time="0.074" /><testcase classname="tests.test_medical_exams" name="test_weak_concept_names_are_readable_rather_than_identifiers" time="0.071" /><testcase classname="tests.test_medical_exams" name="test_a_topic_concept_falls_back_to_its_curriculum_breadcrumb" time="0.068" /><testcase classname="tests.test_medical_exams" name="test_an_unknown_concept_id_is_echoed_rather_than_named_with_a_guess" time="0.072" /><testcase classname="tests.test_medical_exams" name="test_the_summary_counts_attempts_levels_and_due_reviews" time="0.068" /><testcase classname="tests.test_medical_exams" name="test_an_empty_history_reports_no_accuracy_rather_than_zero" time="0.081" /><testcase classname="tests.test_medical_exams" name="test_the_mastery_payload_names_the_concept_and_ranks_the_confusions" time="0.090" /><testcase classname="tests.test_medical_exams" name="test_a_strong_streak_pushes_the_next_review_further_out_but_not_past_the_cap" time="0.051" /><testcase classname="tests.test_medical_exams" name="test_levels_map_every_recorded_concept_to_its_current_level" time="0.062" /><testcase classname="tests.test_medical_exams" name="test_finishing_a_sitting_again_moves_the_difficulty_only_once" time="0.279" /><testcase classname="tests.test_medical_exams" name="test_finishing_an_unsuccessful_sitting_again_lowers_the_difficulty_only_once" time="0.266" /><testcase classname="tests.test_medical_exams" name="test_the_adaptive_verdict_is_stored_with_the_result_and_survives_a_reload" time="0.271" /><testcase classname="tests.test_medical_exams" name="test_a_completed_result_keeps_the_verdict_of_its_own_day" time="0.281" /><testcase classname="tests.test_medical_exams" name="test_a_new_attempt_at_the_same_exam_is_finalized_on_its_own" time="0.311" /><testcase classname="tests.test_medical_exams" name="test_a_study_sitting_counts_each_answer_once_however_often_it_is_finished" time="0.290" /><testcase classname="tests.test_medical_exams" name="test_concurrent_finalization_requests_apply_the_effects_once" time="0.301" /><testcase classname="tests.test_medical_exams" name="test_finalization_without_adaptive_difficulty_or_with_a_short_paper_stays_as_it_was" time="0.771" /><testcase classname="tests.test_medical_exams" name="test_an_unanswered_paper_finished_twice_records_no_attempt" time="0.422" /><testcase classname="tests.test_medical_exams" name="test_a_failure_in_the_middle_of_finalization_leaves_nothing_half_applied" time="0.429" /><testcase classname="tests.test_medical_exams" name="test_an_anatomy_answer_sent_again_with_its_submission_id_is_recorded_once" time="0.355" /><testcase classname="tests.test_medical_facade" name="test_an_empty_academy_reports_itself_honestly" time="0.345" /><testcase classname="tests.test_medical_facade" name="test_the_dashboard_reports_a_provider_once_one_is_configured" time="0.348" /><testcase classname="tests.test_medical_facade" name="test_the_subject_tree_counts_only_the_material_that_exists" time="0.368" /><testcase classname="tests.test_medical_facade" name="test_a_topic_page_gathers_its_own_material_and_nothing_else" time="0.512" /><testcase classname="tests.test_medical_facade" name="test_an_unknown_topic_is_reported_missing_rather_than_approximated" time="0.347" /><testcase classname="tests.test_medical_facade" name="test_search_reaches_terms_topics_structures_and_lecture_text" time="0.388" /><testcase classname="tests.test_medical_facade" name="test_an_empty_query_returns_empty_lists_rather_than_everything" time="0.332" /><testcase classname="tests.test_medical_facade" name="test_a_term_card_carries_a_turkish_explanation" time="0.345" /><testcase classname="tests.test_medical_facade" name="test_an_unknown_term_returns_no_entries_instead_of_a_guess" time="0.217" /><testcase classname="tests.test_medical_facade" name="test_a_partial_turkish_word_still_finds_the_latin_terms_it_could_mean" time="0.283" /><testcase classname="tests.test_medical_facade" name="test_a_document_payload_lists_its_pages_and_visual_state" time="0.264" /><testcase classname="tests.test_medical_facade" name="test_a_missing_document_or_page_is_reported_as_missing" time="0.243" /><testcase classname="tests.test_medical_facade" name="test_a_text_document_page_carries_no_rendered_image" time="0.217" /><testcase classname="tests.test_medical_facade" name="test_analysis_needs_a_provider_and_a_processed_document" time="0.604" /><testcase classname="tests.test_medical_facade" name="test_analysis_files_the_document_under_a_topic_that_exists" time="0.245" /><testcase classname="tests.test_medical_facade" name="test_a_failed_analysis_clears_the_job_and_raises" time="0.322" /><testcase classname="tests.test_medical_facade" name="test_a_background_job_that_fails_is_reported_rather_than_swallowed" time="0.337" /><testcase classname="tests.test_medical_facade" name="test_a_background_job_that_cannot_be_started_says_so" time="0.289" /><testcase classname="tests.test_medical_facade" name="test_comparison_labels_every_finding_and_keeps_its_caveat" time="0.287" /><testcase classname="tests.test_medical_facade" name="test_a_comparison_page_the_material_never_had_is_marked_unverified" time="0.233" /><testcase classname="tests.test_medical_facade" name="test_comparison_without_text_or_a_provider_refuses" time="0.391" /><testcase classname="tests.test_medical_facade" name="test_notes_cite_only_the_pages_the_model_actually_used" time="0.233" /><testcase classname="tests.test_medical_facade" name="test_notes_need_a_provider" time="0.236" /><testcase classname="tests.test_medical_facade" name="test_a_note_can_be_deleted_once" time="0.229" /><testcase classname="tests.test_medical_facade" name="test_the_bank_reports_the_defects_of_the_items_it_holds" time="0.215" /><testcase classname="tests.test_medical_facade" name="test_an_unknown_subject_filter_narrows_to_nothing_and_says_why" time="0.199" /><testcase classname="tests.test_medical_facade" name="test_the_bank_can_be_filtered_by_how_the_student_answered" time="0.237" /><testcase classname="tests.test_medical_facade" name="test_an_answer_key_can_be_set_but_never_to_a_letter_with_no_option" time="0.210" /><testcase classname="tests.test_medical_facade" name="test_clearing_an_answer_key_leaves_the_question_unkeyed" time="0.202" /><testcase classname="tests.test_medical_facade" name="test_a_new_profile_starts_empty_and_says_so" time="0.201" /><testcase classname="tests.test_medical_facade" name="test_importing_questions_builds_a_profile_from_what_was_read" time="0.221" /><testcase classname="tests.test_medical_facade" name="test_importing_the_same_paper_twice_does_not_double_the_evidence" time="0.222" /><testcase classname="tests.test_medical_facade" name="test_resetting_a_profile_empties_its_evidence" time="0.241" /><testcase classname="tests.test_medical_facade" name="test_deleting_a_profile_can_keep_or_drop_its_questions" time="0.229" /><testcase classname="tests.test_medical_facade" name="test_a_re_sent_study_answer_is_not_counted_as_another_attempt" time="0.239" /><testcase classname="tests.test_medical_facade" name="test_a_new_sitting_of_the_same_exam_records_its_own_attempt" time="0.245" /><testcase classname="tests.test_medical_facade" name="test_progress_reports_only_attempts_that_happened" time="0.216" /><testcase classname="tests.test_medical_facade" name="test_the_lab_reports_which_structures_have_a_licensed_model" time="0.203" /><testcase classname="tests.test_medical_facade" name="test_a_structure_without_a_model_says_so_instead_of_drawing_one" time="0.195" /><testcase classname="tests.test_medical_facade" name="test_a_registered_model_that_will_not_load_reports_its_real_problem" time="0.210" /><testcase classname="tests.test_medical_facade" name="test_an_unknown_structure_has_no_card_and_no_quiz" time="0.288" /><testcase classname="tests.test_medical_facade" name="test_an_anatomy_quiz_is_bounded_and_answerable" time="0.215" /><testcase classname="tests.test_medical_figures" name="test_the_prompt_lists_the_figures_and_forbids_inventing_their_content" time="0.048" /><testcase classname="tests.test_medical_figures" name="test_the_prompt_has_no_figure_block_without_figures" time="0.036" /><testcase classname="tests.test_medical_figures" name="test_only_pages_the_vision_pass_described_are_offered" time="0.213" /><testcase classname="tests.test_medical_figures" name="test_figures_are_off_unless_the_paper_asks_for_images" time="0.217" /><testcase classname="tests.test_medical_figures" name="test_a_subject_only_paper_draws_figures_from_the_subjects_own_documents" time="0.224" /><testcase classname="tests.test_medical_figures" name="test_a_page_range_limits_the_figures" time="0.216" /><testcase classname="tests.test_medical_figures" name="test_a_figure_question_is_anchored_to_the_page_it_shows" time="0.231" /><testcase classname="tests.test_medical_figures" name="test_a_figure_index_that_was_never_offered_yields_no_figure" time="0.225" /><testcase classname="tests.test_medical_figures" name="test_a_subject_only_item_gets_the_topic_of_its_concept" time="0.215" /><testcase classname="tests.test_medical_figures" name="test_the_figure_payload_names_document_page_and_caption" time="0.045" /><testcase classname="tests.test_medical_figures" name="test_an_unreadable_image_reference_yields_no_figure[None]" time="0.039" /><testcase classname="tests.test_medical_figures" name="test_an_unreadable_image_reference_yields_no_figure[]" time="0.037" /><testcase classname="tests.test_medical_figures" name="test_an_unreadable_image_reference_yields_no_figure[d1]" time="0.039" /><testcase classname="tests.test_medical_figures" name="test_an_unreadable_image_reference_yields_no_figure[d1|]" time="0.036" /><testcase classname="tests.test_medical_figures" name="test_an_unreadable_image_reference_yields_no_figure[|7]" time="0.040" /><testcase classname="tests.test_medical_figures" name="test_an_unreadable_image_reference_yields_no_figure[d1|yedi]" time="0.036" /><testcase classname="tests.test_medical_figures" name="test_a_typed_quiz_opens_a_paper_instead_of_asking_in_chat" time="0.224" /><testcase classname="tests.test_medical_figures" name="test_a_spoken_quiz_still_asks_letter_by_letter" time="0.246" /><testcase classname="tests.test_medical_figures" name="test_a_paper_the_model_must_write_opens_when_it_is_ready" time="0.244" /><testcase classname="tests.test_medical_figures" name="test_the_results_suggestion_names_the_blanks_when_nothing_was_wrong" time="0.239" /><testcase classname="tests.test_medical_histology" name="test_a_lenient_examiner_forgives_spelling_but_not_another_tissue" time="0.178" /><testcase classname="tests.test_medical_histology" name="test_a_specimen_keeps_its_source_and_its_crop_never_touches_the_page" time="0.249" /><testcase classname="tests.test_medical_histology" name="test_a_mask_lives_beside_the_image_and_a_description_is_not_an_answer" time="0.088" /><testcase classname="tests.test_medical_histology" name="test_a_timed_session_hides_the_answer_and_keeps_identification_and_explanation_apart" time="0.093" /><testcase classname="tests.test_medical_histology" name="test_a_study_session_scores_nothing_uncertain_and_a_repeat_is_named" time="0.083" /><testcase classname="tests.test_medical_histology" name="test_the_empty_state_explains_how_to_add_material_and_nothing_is_invented" time="0.057" /><testcase classname="tests.test_medical_histology" name="test_specimens_and_sessions_survive_a_restart_and_a_changed_source_is_flagged" time="0.207" /><testcase classname="tests.test_medical_integration" name="test_augmentation_validates_its_inputs_and_normalises_the_tool_names" time="0.036" /><testcase classname="tests.test_medical_integration" name="test_the_augmenter_owns_the_system_prompt_and_the_turn_kind" time="0.039" /><testcase classname="tests.test_medical_integration" name="test_a_domain_layer_can_only_narrow_the_tools_core_exposed" time="0.049" /><testcase classname="tests.test_medical_integration" name="test_a_claim_that_only_narrows_tools_or_hushes_memory_still_names_the_turn" time="0.042" /><testcase classname="tests.test_medical_integration" name="test_a_direct_response_answers_the_turn_without_the_model" time="0.036" /><testcase classname="tests.test_medical_integration" name="test_suppressed_memory_is_not_written_and_the_turn_says_why" time="0.046" /><testcase classname="tests.test_medical_integration" name="test_a_failing_or_nonsense_augmenter_leaves_the_turn_intact" time="0.053" /><testcase classname="tests.test_medical_integration" name="test_an_augmenter_that_hangs_costs_a_moment_not_the_whole_turn" time="0.099" /><testcase classname="tests.test_medical_integration" name="test_the_augmentation_wait_is_a_small_slice_of_the_request_budget" time="0.045" /><testcase classname="tests.test_medical_integration" name="test_identity_clock_and_social_turns_never_reach_the_domain_layer" time="0.047" /><testcase classname="tests.test_medical_integration" name="test_medical_settings_read_their_environment_variables" time="0.055" /><testcase classname="tests.test_medical_integration" name="test_every_documented_medical_bound_is_enforced" time="0.038" /><testcase classname="tests.test_medical_integration" name="test_bootstrap_gives_the_academy_its_tools_and_the_engine_its_augmenter" time="0.215" /><testcase classname="tests.test_medical_integration" name="test_the_academy_can_be_switched_off_completely" time="0.113" /><testcase classname="tests.test_medical_intents" name="test_turkish_study_commands_map_to_their_intents" time="0.130" /><testcase classname="tests.test_medical_intents" name="test_english_commands_resolve_their_subject_and_structure" time="0.045" /><testcase classname="tests.test_medical_intents" name="test_stated_constraints_are_read_off_the_sentence" time="0.061" /><testcase classname="tests.test_medical_intents" name="test_anatomy_lab_commands_separate_opening_from_highlighting" time="0.042" /><testcase classname="tests.test_medical_intents" name="test_asking_for_an_explanation_never_opens_the_lab" time="0.045" /><testcase classname="tests.test_medical_intents" name="test_context_decides_whether_a_bare_follow_up_is_study_talk" time="0.053" /><testcase classname="tests.test_medical_intents" name="test_sadece_filters_the_questions_instead_of_simplifying_them" time="0.222" /><testcase classname="tests.test_medical_intents" name="test_everyday_commands_are_never_medical" time="0.136" /><testcase classname="tests.test_medical_intents" name="test_an_everyday_request_never_reaches_the_academy[genel ayarlar\u0131 a\xe7]" time="0.039" /><testcase classname="tests.test_medical_intents" name="test_an_everyday_request_never_reaches_the_academy[genellikle saat ka\xe7ta uyan\u0131r\u0131m]" time="0.044" /><testcase classname="tests.test_medical_intents" name="test_an_everyday_request_never_reaches_the_academy[geni\u015f ekranda a\xe7]" time="0.061" /><testcase classname="tests.test_medical_intents" name="test_an_everyday_request_never_reaches_the_academy[gen\xe7 bir ses se\xe7]" time="0.041" /><testcase classname="tests.test_medical_intents" name="test_an_everyday_request_never_reaches_the_academy[dizini listele]" time="0.040" /><testcase classname="tests.test_medical_intents" name="test_an_everyday_request_never_reaches_the_academy[indirilenler dizinini a\xe7]" time="0.045" /><testcase classname="tests.test_medical_intents" name="test_an_everyday_request_never_reaches_the_academy[yeni bir dizi \xf6ner]" time="0.045" /><testcase classname="tests.test_medical_intents" name="test_an_everyday_request_never_reaches_the_academy[dizi izlemek i\xe7in Netflix a\xe7]" time="0.041" /><testcase classname="tests.test_medical_intents" name="test_an_everyday_request_never_reaches_the_academy[diz\xfcst\xfc bilgisayar\u0131 kapat]" time="0.045" /><testcase classname="tests.test_medical_intents" name="test_an_everyday_request_never_reaches_the_academy[diz\xfcst\xfcn\xfcn pilini kontrol et]" time="0.057" /><testcase classname="tests.test_medical_intents" name="test_an_everyday_request_never_reaches_the_academy[dok\xfcman\u0131 kaydet]" time="0.047" /><testcase classname="tests.test_medical_intents" name="test_an_everyday_request_never_reaches_the_academy[bu dok\xfcman\u0131 yazd\u0131r]" time="0.051" /><testcase classname="tests.test_medical_intents" name="test_an_everyday_request_never_reaches_the_academy[dokunmatik y\xfczeyi devre d\u0131\u015f\u0131 b\u0131rak]" time="0.043" /><testcase classname="tests.test_medical_intents" name="test_an_everyday_request_never_reaches_the_academy[kolay bir yol \xf6ner]" time="0.043" /><testcase classname="tests.test_medical_intents" name="test_an_everyday_request_never_reaches_the_academy[kolonya sipari\u015fi ver]" time="0.043" /><testcase classname="tests.test_medical_intents" name="test_an_everyday_request_never_reaches_the_academy[kol saatimi bul]" time="0.051" /><testcase classname="tests.test_medical_intents" name="test_an_everyday_request_never_reaches_the_academy[s\u0131n\u0131rl\u0131 yetki ver]" time="0.043" /><testcase classname="tests.test_medical_intents" name="test_an_everyday_request_never_reaches_the_academy[g\xfcn boyunca sessiz kal]" time="0.041" /><testcase classname="tests.test_medical_intents" name="test_an_everyday_request_never_reaches_the_academy[gramer hatalar\u0131n\u0131 d\xfczelt]" time="0.046" /><testcase classname="tests.test_medical_intents" name="test_an_everyday_request_never_reaches_the_academy[500 gram \u015feker ekle]" time="0.048" /><testcase classname="tests.test_medical_intents" name="test_an_everyday_request_never_reaches_the_academy[spor haberlerini a\xe7]" time="0.042" /><testcase classname="tests.test_medical_intents" name="test_an_everyday_request_never_reaches_the_academy[spor m\xfczi\u011fi \xe7al]" time="0.044" /><testcase classname="tests.test_medical_intents" name="test_an_everyday_request_never_reaches_the_academy[takvime ekleme yap]" time="0.046" /><testcase classname="tests.test_medical_intents" name="test_an_everyday_request_never_reaches_the_academy[listeye bir madde ekle]" time="0.046" /><testcase classname="tests.test_medical_intents" name="test_an_everyday_request_never_reaches_the_academy[profil foto\u011fraf\u0131m\u0131 de\u011fi\u015ftir]" time="0.043" /><testcase classname="tests.test_medical_intents" name="test_an_everyday_request_never_reaches_the_academy[Chrome profilini a\xe7]" time="0.044" /><testcase classname="tests.test_medical_intents" name="test_an_everyday_request_never_reaches_the_academy[profilimi g\xfcncelle]" time="0.044" /><testcase classname="tests.test_medical_intents" name="test_an_everyday_request_never_reaches_the_academy[kullan\u0131c\u0131 profilini g\xf6ster]" time="0.046" /><testcase classname="tests.test_medical_intents" name="test_an_everyday_request_never_reaches_the_academy[profesyonel bir e-posta yaz]" time="0.050" /><testcase classname="tests.test_medical_intents" name="test_an_everyday_request_never_reaches_the_academy[kodda 3 sorun var, d\xfczelt]" time="0.042" /><testcase classname="tests.test_medical_intents" name="test_an_everyday_request_never_reaches_the_academy[1 sorunum var]" time="0.046" /><testcase classname="tests.test_medical_intents" name="test_an_everyday_request_never_reaches_the_academy[testlerde 3 sorun \xe7\u0131kt\u0131, loglar\u0131 incele]" time="0.050" /><testcase classname="tests.test_medical_intents" name="test_an_everyday_request_never_reaches_the_academy[bana 2 se\xe7enek sun]" time="0.043" /><testcase classname="tests.test_medical_intents" name="test_an_everyday_request_never_reaches_the_academy[bu filme 4/5 verdim]" time="0.042" /><testcase classname="tests.test_medical_intents" name="test_an_everyday_request_never_reaches_the_academy[4/5/2026 tarihli toplant\u0131y\u0131 hat\u0131rlat]" time="0.049" /><testcase classname="tests.test_medical_intents" name="test_an_everyday_request_never_reaches_the_academy[wifi 3/5 sinyal g\xf6steriyor]" time="0.044" /><testcase classname="tests.test_medical_intents" name="test_an_everyday_request_never_reaches_the_academy[sesi 20-40 aras\u0131 ayarla]" time="0.051" /><testcase classname="tests.test_medical_intents" name="test_an_everyday_request_never_reaches_the_academy[ekran parlakl\u0131\u011f\u0131n\u0131 30-60 aras\u0131 yap]" time="0.042" /><testcase classname="tests.test_medical_intents" name="test_an_everyday_request_never_reaches_the_academy[masa\xfcst\xfcndeki anatomi klas\xf6r\xfcn\xfc a\xe7]" time="0.053" /><testcase classname="tests.test_medical_intents" name="test_an_everyday_request_never_reaches_the_academy[kalp.pdf dosyas\u0131n\u0131 a\xe7]" time="0.042" /><testcase classname="tests.test_medical_intents" name="test_an_everyday_request_never_reaches_the_academy[histoloji sunumunu yazd\u0131r]" time="0.041" /><testcase classname="tests.test_medical_intents" name="test_an_everyday_request_never_reaches_the_academy[anatomi klas\xf6r\xfcn\xfc sil]" time="0.054" /><testcase classname="tests.test_medical_intents" name="test_an_everyday_request_never_reaches_the_academy[anatomi notlar\u0131m\u0131 masa\xfcst\xfcne kaydet]" time="0.046" /><testcase classname="tests.test_medical_intents" name="test_an_everyday_request_never_reaches_the_academy[h\xfccre adl\u0131 klas\xf6r\xfc olu\u015ftur]" time="0.044" /><testcase classname="tests.test_medical_intents" name="test_an_everyday_request_never_reaches_the_academy[epitel.docx dosyas\u0131n\u0131 masa\xfcst\xfcnde bul]" time="0.049" /><testcase classname="tests.test_medical_intents" name="test_an_everyday_request_never_reaches_the_academy[masa\xfcst\xfcndeki proje klas\xf6r\xfcn\xfc a\xe7]" time="0.044" /><testcase classname="tests.test_medical_intents" name="test_an_everyday_request_never_reaches_the_academy[dosyalar\u0131 listele]" time="0.046" /><testcase classname="tests.test_medical_intents" name="test_an_everyday_request_never_reaches_the_academy[hava bug\xfcn nas\u0131l]" time="0.042" /><testcase classname="tests.test_medical_intents" name="test_an_everyday_request_never_reaches_the_academy[spotify'da m\xfczik a\xe7]" time="0.045" /><testcase classname="tests.test_medical_intents" name="test_an_everyday_request_never_reaches_the_academy[haf\u0131zamda ara: toplant\u0131]" time="0.045" /><testcase classname="tests.test_medical_intents" name="test_an_everyday_request_never_reaches_the_academy[saat ka\xe7]" time="0.043" /><testcase classname="tests.test_medical_intents" name="test_an_everyday_request_never_reaches_the_academy[yar\u0131n sabah 8'de alarm kur]" time="0.051" /><testcase classname="tests.test_medical_intents" name="test_an_everyday_request_never_reaches_the_academy[bilgisayar\u0131 yeniden ba\u015flat]" time="0.043" /><testcase classname="tests.test_medical_intents" name="test_an_everyday_request_never_reaches_the_academy[ses seviyesini y\xfckselt]" time="0.047" /><testcase classname="tests.test_medical_intents" name="test_an_everyday_request_never_reaches_the_academy[not defterini a\xe7]" time="0.047" /><testcase classname="tests.test_medical_intents" name="test_an_everyday_request_never_reaches_the_academy[toplant\u0131 i\xe7in hat\u0131rlat\u0131c\u0131 kur]" time="0.048" /><testcase classname="tests.test_medical_intents" name="test_an_everyday_request_never_reaches_the_academy[python'da bir liste nas\u0131l s\u0131ralan\u0131r]" time="0.047" /><testcase classname="tests.test_medical_intents" name="test_an_everyday_request_never_reaches_the_academy[bu fonksiyonu refactor et]" time="0.049" /><testcase classname="tests.test_medical_intents" name="test_an_everyday_request_never_reaches_the_academy[git commit mesaj\u0131 yaz]" time="0.047" /><testcase classname="tests.test_medical_intents" name="test_an_everyday_request_never_reaches_the_academy[klas\xf6rdeki dosyalar\u0131 say]" time="0.047" /><testcase classname="tests.test_medical_intents" name="test_an_everyday_request_never_reaches_the_academy[m\xfczik \xe7al]" time="0.046" /><testcase classname="tests.test_medical_intents" name="test_an_everyday_request_never_reaches_the_academy[sesi kapat]" time="0.042" /><testcase classname="tests.test_medical_intents" name="test_an_everyday_request_never_reaches_the_academy[e-postalar\u0131m\u0131 kontrol et]" time="0.044" /><testcase classname="tests.test_medical_intents" name="test_an_everyday_request_never_reaches_the_academy[give me an example of a python decorator]" time="0.054" /><testcase classname="tests.test_medical_intents" name="test_an_everyday_request_never_reaches_the_academy[can you examine this log file]" time="0.041" /><testcase classname="tests.test_medical_intents" name="test_an_everyday_request_never_reaches_the_academy[show me examples of async code]" time="0.044" /><testcase classname="tests.test_medical_intents" name="test_an_everyday_request_never_reaches_the_academy[examine the diff]" time="0.055" /><testcase classname="tests.test_medical_intents" name="test_an_everyday_request_never_reaches_the_academy[for example, what does this function return]" time="0.042" /><testcase classname="tests.test_medical_intents" name="test_an_everyday_request_never_reaches_the_academy[create an example dockerfile]" time="0.049" /><testcase classname="tests.test_medical_intents" name="test_an_everyday_request_never_reaches_the_academy[make an example config file]" time="0.052" /><testcase classname="tests.test_medical_intents" name="test_an_everyday_request_never_reaches_the_academy[profile this script for me]" time="0.045" /><testcase classname="tests.test_medical_intents" name="test_an_everyday_request_never_reaches_the_academy[my profile picture]" time="0.047" /><testcase classname="tests.test_medical_intents" name="test_an_everyday_request_never_reaches_the_academy[give me 2 options for the deployment]" time="0.052" /><testcase classname="tests.test_medical_intents" name="test_an_everyday_request_never_reaches_the_academy[open the downloads folder]" time="0.046" /><testcase classname="tests.test_medical_intents" name="test_an_everyday_request_never_reaches_the_academy[set a timer for 10 minutes]" time="0.047" /><testcase classname="tests.test_medical_intents" name="test_an_everyday_request_never_reaches_the_academy[what is the weather today]" time="0.045" /><testcase classname="tests.test_medical_intents" name="test_an_everyday_request_never_reaches_the_academy[turn up the volume]" time="0.046" /><testcase classname="tests.test_medical_intents" name="test_an_everyday_request_never_reaches_the_academy[write a unit test for this function]" time="0.043" /><testcase classname="tests.test_medical_intents" name="test_an_everyday_request_never_reaches_the_academy[list the files in this directory]" time="0.053" /><testcase classname="tests.test_medical_intents" name="test_a_documented_study_request_still_reaches_the_academy[Scapulay\u0131 bana basit anlat-medical.simplify]" time="0.043" /><testcase classname="tests.test_medical_intents" name="test_a_documented_study_request_still_reaches_the_academy[Scapula hakk\u0131nda k\u0131sa not \xe7\u0131kar-medical.short_notes]" time="0.047" /><testcase classname="tests.test_medical_intents" name="test_a_documented_study_request_still_reaches_the_academy[Bu PDF'nin 20-40. sayfalar\u0131n\u0131 \xe7al\u0131\u015f-medical.pdf_analyze]" time="0.051" /><testcase classname="tests.test_medical_intents" name="test_a_documented_study_request_still_reaches_the_academy[Bu konudan 20 soru haz\u0131rla-medical.exam_generate]" time="0.042" /><testcase classname="tests.test_medical_intents" name="test_a_documented_study_request_still_reaches_the_academy[Bu konudan 20 soru haz\u0131rla, 5 \u015f\u0131kl\u0131, cevaplar\u0131 en sonda ver-medical.exam_generate]" time="0.049" /><testcase classname="tests.test_medical_intents" name="test_a_documented_study_request_still_reaches_the_academy[Hocan\u0131n att\u0131\u011f\u0131m eski sorular\u0131na benzet-medical.professor_style_exam]" time="0.053" /><testcase classname="tests.test_medical_intents" name="test_a_documented_study_request_still_reaches_the_academy[Anatomy Lab'de humerusu a\xe7-medical.anatomy.open]" time="0.041" /><testcase classname="tests.test_medical_intents" name="test_a_documented_study_request_still_reaches_the_academy[Anatomy Lab'de scapulan\u0131n spina scapulae'sini i\u015faretle-medical.anatomy.highlight]" time="0.047" /><testcase classname="tests.test_medical_intents" name="test_a_documented_study_request_still_reaches_the_academy[Kaslar\u0131n origo insertio innervatio ve fonksiyonlar\u0131n\u0131 g\xf6ster-medical.muscle_table]" time="0.051" /><testcase classname="tests.test_medical_intents" name="test_a_documented_study_request_still_reaches_the_academy[hiyalin k\u0131k\u0131rdak ile fibrokartilaj\u0131 kar\u015f\u0131la\u015ft\u0131r-medical.compare]" time="0.044" /><testcase classname="tests.test_medical_intents" name="test_a_documented_study_request_still_reaches_the_academy[mitoz ve mayoz aras\u0131ndaki fark\u0131 anlat-medical.compare]" time="0.043" /><testcase classname="tests.test_medical_intents" name="test_a_documented_study_request_still_reaches_the_academy[Explain competitive inhibition.-medical.explain]" time="0.055" /><testcase classname="tests.test_medical_intents" name="test_a_documented_study_request_still_reaches_the_academy[Which structures form the articulatio cubiti?-None]" time="0.044" /><testcase classname="tests.test_medical_intents" name="test_a_documented_study_request_still_reaches_the_academy[Scapulay\u0131 a\xe7\u0131kla-medical.explain]" time="0.042" /><testcase classname="tests.test_medical_intents" name="test_a_documented_study_request_still_reaches_the_academy[Humerusu a\xe7-medical.anatomy.open]" time="0.051" /><testcase classname="tests.test_medical_intents" name="test_a_documented_study_request_still_reaches_the_academy[Scapulay\u0131 g\xf6ster-medical.anatomy.open]" time="0.045" /><testcase classname="tests.test_medical_intents" name="test_a_documented_study_request_still_reaches_the_academy[Scapula nedir-medical.explain]" time="0.044" /><testcase classname="tests.test_medical_intents" name="test_a_documented_study_request_still_reaches_the_academy[Scapulay\u0131 sade bir dille anlat-medical.simplify]" time="0.050" /><testcase classname="tests.test_medical_intents" name="test_a_documented_study_request_still_reaches_the_academy[sayfa 20-40 aras\u0131 \xe7al\u0131\u015f-None]" time="0.049" /><testcase classname="tests.test_medical_intents" name="test_a_documented_study_request_still_reaches_the_academy[anatomi 20-40 sayfalar\u0131 \xf6zetle-None]" time="0.043" /><testcase classname="tests.test_medical_intents" name="test_a_documented_study_request_still_reaches_the_academy[20-40 aras\u0131 5 soru haz\u0131rla-None]" time="0.051" /><testcase classname="tests.test_medical_intents" name="test_a_documented_study_request_still_reaches_the_academy[40-20 sayfalar\u0131 aras\u0131n\u0131 anlat-None]" time="0.043" /><testcase classname="tests.test_medical_intents" name="test_a_documented_study_request_still_reaches_the_academy[200 soru haz\u0131rla-medical.exam_generate]" time="0.045" /><testcase classname="tests.test_medical_intents" name="test_a_documented_study_request_still_reaches_the_academy[9 \u015f\u0131kl\u0131 olsun-None]" time="0.049" /><testcase classname="tests.test_medical_intents" name="test_a_documented_study_request_still_reaches_the_academy[zorluk 4 olsun-None]" time="0.041" /><testcase classname="tests.test_medical_intents" name="test_a_documented_study_request_still_reaches_the_academy[beni s\u0131na-medical.quiz]" time="0.044" /><testcase classname="tests.test_medical_intents" name="test_a_documented_study_request_still_reaches_the_academy[beni anatomiden s\u0131na-medical.quiz]" time="0.051" /><testcase classname="tests.test_medical_intents" name="test_a_documented_study_request_still_reaches_the_academy[mikrobiyolojiden quiz yap-medical.quiz]" time="0.056" /><testcase classname="tests.test_medical_intents" name="test_a_documented_study_request_still_reaches_the_academy[s\xf6zl\xfc s\u0131nav yap-medical.oral_exam]" time="0.045" /><testcase classname="tests.test_medical_intents" name="test_a_documented_study_request_still_reaches_the_academy[anatomiden 20 soru haz\u0131rla-medical.exam_generate]" time="0.052" /><testcase classname="tests.test_medical_intents" name="test_a_documented_study_request_still_reaches_the_academy[histoloji s\u0131nav\u0131na haz\u0131rlan-None]" time="0.042" /><testcase classname="tests.test_medical_intents" name="test_a_documented_study_request_still_reaches_the_academy[s\u0131navdan \xf6nce h\u0131zl\u0131 tekrar yap-medical.rapid_review]" time="0.042" /><testcase classname="tests.test_medical_intents" name="test_a_documented_study_request_still_reaches_the_academy[yar\u0131n s\u0131nav\u0131m var, h\u0131zl\u0131 tekrar yap-medical.rapid_review]" time="0.047" /><testcase classname="tests.test_medical_intents" name="test_a_documented_study_request_still_reaches_the_academy[s\u0131navdan \xf6nce y\xfcksek verimli noktalar\u0131 ver-medical.high_yield]" time="0.044" /><testcase classname="tests.test_medical_intents" name="test_a_documented_study_request_still_reaches_the_academy[scapula i\xe7in s\u0131navda \xe7\u0131kacak noktalar\u0131 ver-medical.high_yield]" time="0.063" /><testcase classname="tests.test_medical_intents" name="test_a_documented_study_request_still_reaches_the_academy[hocan\u0131n soru tarz\u0131n\u0131 analiz et-medical.professor_profile]" time="0.050" /><testcase classname="tests.test_medical_intents" name="test_a_documented_study_request_still_reaches_the_academy[hocan\u0131n eski sorular\u0131n\u0131 incele-medical.professor_profile]" time="0.047" /><testcase classname="tests.test_medical_intents" name="test_a_documented_study_request_still_reaches_the_academy[glikoliz basamaklar\u0131n\u0131 \xf6zetle-medical.summarize]" time="0.065" /><testcase classname="tests.test_medical_intents" name="test_a_documented_study_request_still_reaches_the_academy[biyokimya konular\u0131n\u0131 \xf6zetle-medical.summarize]" time="0.055" /><testcase classname="tests.test_medical_intents" name="test_a_documented_study_request_still_reaches_the_academy[epitel dokusunu anlat-medical.explain]" time="0.065" /><testcase classname="tests.test_medical_intents" name="test_a_documented_study_request_still_reaches_the_academy[nefron yap\u0131s\u0131n\u0131 a\xe7\u0131kla-medical.explain]" time="0.065" /><testcase classname="tests.test_medical_intents" name="test_a_documented_study_request_still_reaches_the_academy[kalp nas\u0131l \xe7al\u0131\u015f\u0131r-medical.explain]" time="0.053" /><testcase classname="tests.test_medical_intents" name="test_a_documented_study_request_still_reaches_the_academy[h\xfccre zar\u0131ndan dif\xfczyon nas\u0131l olur-medical.explain]" time="0.056" /><testcase classname="tests.test_medical_intents" name="test_a_documented_study_request_still_reaches_the_academy[sinir h\xfccresi nas\u0131l \xe7al\u0131\u015f\u0131r-medical.explain]" time="0.051" /><testcase classname="tests.test_medical_intents" name="test_a_documented_study_request_still_reaches_the_academy[diz ligamentlerini anlat-medical.explain]" time="0.047" /><testcase classname="tests.test_medical_intents" name="test_a_documented_study_request_still_reaches_the_academy[kol kaslar\u0131n\u0131 anlat-medical.explain]" time="0.052" /><testcase classname="tests.test_medical_intents" name="test_a_documented_study_request_still_reaches_the_academy[boyun anatomisini g\xf6ster-None]" time="0.068" /><testcase classname="tests.test_medical_intents" name="test_a_documented_study_request_still_reaches_the_academy[gram boyama nedir-None]" time="0.066" /><testcase classname="tests.test_medical_intents" name="test_a_documented_study_request_still_reaches_the_academy[hemoglobin nedir-None]" time="0.061" /><testcase classname="tests.test_medical_intents" name="test_a_documented_study_request_still_reaches_the_academy[kromozom say\u0131s\u0131 ka\xe7t\u0131r-None]" time="0.064" /><testcase classname="tests.test_medical_intents" name="test_active_quiz_reads_bare_answers_and_navigation" time="0.164" /><testcase classname="tests.test_medical_intents" name="test_quiz_replies_are_inert_when_no_quiz_is_running" time="0.158" /><testcase classname="tests.test_medical_intents" name="test_numeric_constraints_are_clamped_to_the_supported_range" time="0.088" /><testcase classname="tests.test_medical_intents" name="test_blank_input_stays_a_neutral_command" time="0.077" /><testcase classname="tests.test_medical_intents" name="test_describe_command_summarises_only_what_was_stated" time="0.054" /><testcase classname="tests.test_medical_intents" name="test_update_validates_before_it_applies" time="0.132" /><testcase classname="tests.test_medical_intents" name="test_update_reports_a_choice_the_backend_does_not_know" time="0.144" /><testcase classname="tests.test_medical_intents" name="test_update_clamps_numbers_and_swaps_an_inverted_page_range" time="0.128" /><testcase classname="tests.test_medical_intents" name="test_apply_command_persists_stated_constraints_and_difficulty_nudges" time="0.145" /><testcase classname="tests.test_medical_intents" name="test_resolve_overlays_the_command_on_the_stored_session" time="0.132" /><testcase classname="tests.test_medical_intents" name="test_chat_quiz_state_starts_updates_and_stops" time="0.130" /><testcase classname="tests.test_medical_intents" name="test_describe_labels_the_session_in_turkish" time="0.124" /><testcase classname="tests.test_medical_intents" name="test_a_bare_number_pair_alone_is_not_a_study_scope[sesi 20-40 aras\u0131 ayarla]" time="0.055" /><testcase classname="tests.test_medical_intents" name="test_a_bare_number_pair_alone_is_not_a_study_scope[ekran parlakl\u0131\u011f\u0131n\u0131 30-60 aras\u0131 yap]" time="0.091" /><testcase classname="tests.test_medical_intents" name="test_a_bare_number_pair_alone_is_not_a_study_scope[10-20 aras\u0131 dosyalar\u0131 sil]" time="0.051" /><testcase classname="tests.test_medical_intents" name="test_a_bare_number_pair_alone_is_not_a_study_scope[ses seviyesini 15-25 aras\u0131nda tut]" time="0.041" /><testcase classname="tests.test_medical_intents" name="test_a_medical_word_that_is_also_an_everyday_word_needs_corroboration" time="0.049" /><testcase classname="tests.test_medical_intents" name="test_recent_study_activity_does_not_corroborate_an_everyday_word" time="0.144" /><testcase classname="tests.test_medical_intents" name="test_a_medical_word_is_matched_whole_and_not_as_a_prefix" time="0.054" /><testcase classname="tests.test_medical_intents" name="test_prof_is_read_as_a_title_not_as_the_start_of_profil" time="0.048" /><testcase classname="tests.test_medical_intents" name="test_exam_is_read_as_a_word_not_as_the_start_of_example" time="0.051" /><testcase classname="tests.test_medical_intents" name="test_naming_a_medical_thing_does_not_take_a_windows_command" time="0.049" /><testcase classname="tests.test_medical_intents" name="test_a_number_only_counts_when_it_carries_a_study_unit" time="0.048" /><testcase classname="tests.test_medical_intents" name="test_the_word_sinav_does_not_swallow_rapid_review_and_high_yield" time="0.057" /><testcase classname="tests.test_medical_intents" name="test_analysing_the_professors_questions_builds_a_profile" time="0.053" /><testcase classname="tests.test_medical_intents" name="test_a_page_range_is_kept_when_the_sentence_means_pages[sayfa 20-40 aras\u0131 \xe7al\u0131\u015f-expected0]" time="0.043" /><testcase classname="tests.test_medical_intents" name="test_a_page_range_is_kept_when_the_sentence_means_pages[anatomi 20-40 sayfalar\u0131 \xf6zetle-expected1]" time="0.053" /><testcase classname="tests.test_medical_intents" name="test_a_page_range_is_kept_when_the_sentence_means_pages[20-40 aras\u0131 5 soru haz\u0131rla-expected2]" time="0.043" /><testcase classname="tests.test_medical_intents" name="test_a_page_range_is_kept_when_the_sentence_means_pages[40-20 sayfalar\u0131 aras\u0131n\u0131 anlat-expected3]" time="0.046" /><testcase classname="tests.test_medical_intents" name="test_the_second_round_of_false_positives_stays_closed[I have a question about this code]" time="0.051" /><testcase classname="tests.test_medical_intents" name="test_the_second_round_of_false_positives_stays_closed[quick question: how do I restart the service]" time="0.043" /><testcase classname="tests.test_medical_intents" name="test_the_second_round_of_false_positives_stays_closed[answer my questions]" time="0.044" /><testcase classname="tests.test_medical_intents" name="test_the_second_round_of_false_positives_stays_closed[skip this question]" time="0.054" /><testcase classname="tests.test_medical_intents" name="test_the_second_round_of_false_positives_stays_closed[the base line of the chart]" time="0.045" /><testcase classname="tests.test_medical_intents" name="test_the_second_round_of_false_positives_stays_closed[set the angle and the base]" time="0.044" /><testcase classname="tests.test_medical_intents" name="test_the_second_round_of_false_positives_stays_closed[align the head and the base of the column]" time="0.045" /><testcase classname="tests.test_medical_intents" name="test_the_second_round_of_false_positives_stays_closed[what is the base url for this line of code]" time="0.054" /><testcase classname="tests.test_medical_intents" name="test_the_second_round_of_false_positives_stays_closed[bana 2 se\xe7enek sun]" time="0.043" /><testcase classname="tests.test_medical_intents" name="test_the_second_round_of_false_positives_stays_closed[seviye 3 olsun]" time="0.047" /><testcase classname="tests.test_medical_intents" name="test_the_second_round_of_false_positives_stays_closed[3 sorun var]" time="0.048" /><testcase classname="tests.test_medical_intents" name="test_the_second_round_of_false_positives_stays_closed[1 sorunum var]" time="0.042" /><testcase classname="tests.test_medical_intents" name="test_a_revision_request_and_a_question_request_stay_apart[hocan\u0131n sorular\u0131n\u0131 analiz edip 20 soru haz\u0131rla-medical.professor_style_exam]" time="0.045" /><testcase classname="tests.test_medical_intents" name="test_a_revision_request_and_a_question_request_stay_apart[anatomiden en \xf6nemli konulardan soru haz\u0131rla-medical.exam_generate]" time="0.050" /><testcase classname="tests.test_medical_intents" name="test_a_revision_request_and_a_question_request_stay_apart[s\u0131navda \xe7\u0131kacak anatomi sorular\u0131n\u0131 haz\u0131rla-medical.exam_generate]" time="0.042" /><testcase classname="tests.test_medical_intents" name="test_a_revision_request_and_a_question_request_stay_apart[kritik noktalardan anatomi sorusu haz\u0131rla-medical.exam_generate]" time="0.044" /><testcase classname="tests.test_medical_intents" name="test_a_revision_request_and_a_question_request_stay_apart[s\u0131navdan \xf6nce h\u0131zl\u0131 tekrar yap-medical.rapid_review]" time="0.049" /><testcase classname="tests.test_medical_intents" name="test_a_revision_request_and_a_question_request_stay_apart[yar\u0131n s\u0131nav\u0131m var, h\u0131zl\u0131 tekrar yap-medical.rapid_review]" time="0.044" /><testcase classname="tests.test_medical_intents" name="test_a_revision_request_and_a_question_request_stay_apart[s\u0131navda \xe7\u0131kacak noktalar\u0131 ver-medical.high_yield]" time="0.045" /><testcase classname="tests.test_medical_intents" name="test_a_stated_count_survives_its_turkish_case_ending[20 soruyu haz\u0131rla-20]" time="0.074" /><testcase classname="tests.test_medical_intents" name="test_a_stated_count_survives_its_turkish_case_ending[ilk 5 soruyu g\xf6ster-5]" time="0.078" /><testcase classname="tests.test_medical_intents" name="test_a_stated_count_survives_its_turkish_case_ending[20 soruya cevap ver-20]" time="0.069" /><testcase classname="tests.test_medical_intents" name="test_a_stated_count_survives_its_turkish_case_ending[5 sorumu kontrol et-5]" time="0.062" /><testcase classname="tests.test_medical_intents" name="test_a_stated_count_survives_its_turkish_case_ending[10 soruluk s\u0131nav haz\u0131rla-10]" time="0.058" /><testcase classname="tests.test_medical_intents" name="test_a_stated_count_survives_its_turkish_case_ending[3 sorun var-None]" time="0.057" /><testcase classname="tests.test_medical_intents" name="test_a_stated_count_survives_its_turkish_case_ending[1 sorunum var-None]" time="0.052" /><testcase classname="tests.test_medical_intents" name="test_the_generic_follow_up_shorthand_needs_a_session_behind_it[4 se\xe7enekli olsun]" time="0.063" /><testcase classname="tests.test_medical_intents" name="test_the_generic_follow_up_shorthand_needs_a_session_behind_it[5 se\xe7enek olsun]" time="0.052" /><testcase classname="tests.test_medical_intents" name="test_the_generic_follow_up_shorthand_needs_a_session_behind_it[seviye 3 olsun]" time="0.054" /><testcase classname="tests.test_medical_intents" name="test_a_stated_option_count_or_difficulty_still_claims_a_cold_turn[5 \u015f\u0131kl\u0131 olsun]" time="0.050" /><testcase classname="tests.test_medical_intents" name="test_a_stated_option_count_or_difficulty_still_claims_a_cold_turn[zorluk 4 olsun]" time="0.069" /><testcase classname="tests.test_medical_intents" name="test_an_english_question_about_a_medical_word_still_reaches_the_academy[what is a spore]" time="0.049" /><testcase classname="tests.test_medical_intents" name="test_an_english_question_about_a_medical_word_still_reaches_the_academy[explain gram staining]" time="0.046" /><testcase classname="tests.test_medical_intents" name="test_an_english_question_about_a_medical_word_still_reaches_the_academy[how do cells divide]" time="0.056" /><testcase classname="tests.test_medical_intents" name="test_an_english_question_about_a_medical_word_still_reaches_the_academy[what are epithelial cells]" time="0.045" /><testcase classname="tests.test_medical_learning" name="test_the_confusion_hint_claims_a_habit_only_once_the_count_shows_one" time="0.045" /><testcase classname="tests.test_medical_learning" name="test_top_confusions_breaks_ties_alphabetically_and_keeps_every_leader" time="0.043" /><testcase classname="tests.test_medical_learning" name="test_due_reviews_counts_every_due_concept_not_one_capped_page" time="0.064" /><testcase classname="tests.test_medical_library" name="test_folder_names_map_to_subjects_innermost_first" time="0.040" /><testcase classname="tests.test_medical_library" name="test_a_folder_becomes_a_lecture_set_with_tags_subjects_and_an_honest_report" time="0.293" /><testcase classname="tests.test_medical_library" name="test_processing_a_set_walks_its_pending_documents_and_notifies_once" time="0.349" /><testcase classname="tests.test_medical_library" name="test_the_folder_job_imports_off_the_loop_then_processes_and_reports" time="0.316" /><testcase classname="tests.test_medical_library" name="test_lectures_are_attributed_to_the_lecturer_they_name_and_their_questions_are_filed" time="0.421" /><testcase classname="tests.test_medical_library" name="test_a_professor_style_exam_draws_on_that_professors_own_lectures" time="0.376" /><testcase classname="tests.test_medical_library" name="test_a_lecture_that_quotes_a_doctor_is_not_cut_at_that_name" time="0.252" /><testcase classname="tests.test_medical_library" name="test_a_quota_outage_leaves_the_figure_pages_pending_and_the_pass_can_be_resumed" time="4.398" /><testcase classname="tests.test_medical_library" name="test_a_published_book_keeps_its_questions_but_its_authors_are_not_lecturers" time="0.220" /><testcase classname="tests.test_medical_library" name="test_a_lecturer_named_only_on_a_pictured_cover_is_read_from_the_figure" time="0.273" /><testcase classname="tests.test_medical_library" name="test_an_exam_export_files_every_question_under_its_own_owner_with_the_papers_key" time="0.265" /><testcase classname="tests.test_medical_library" name="test_scanned_pages_are_transcribed_and_then_mined_like_any_paper" time="1.306" /><testcase classname="tests.test_medical_library" name="test_mining_tells_apart_questions_that_share_a_generic_stem" time="0.249" /><testcase classname="tests.test_medical_narration" name="test_chunks_follow_sentences_and_never_exceed_twice_the_limit" time="0.060" /><testcase classname="tests.test_medical_narration" name="test_continue_words_and_material_segments" time="0.046" /><testcase classname="tests.test_medical_narration" name="test_without_a_model_the_script_reads_the_pages_and_says_so" time="0.204" /><testcase classname="tests.test_medical_narration" name="test_the_model_script_is_validated_clamped_and_cached" time="0.218" /><testcase classname="tests.test_medical_narration" name="test_a_failed_batch_falls_back_to_the_material_and_the_note_says_so" time="0.232" /><testcase classname="tests.test_medical_narration" name="test_a_narration_speaks_every_chunk_in_order_and_finishes" time="0.040" /><testcase classname="tests.test_medical_narration" name="test_pause_resume_next_prev_and_stop_land_between_chunks" time="0.175" /><testcase classname="tests.test_medical_narration" name="test_a_question_interrupts_is_answered_and_the_same_chunk_resumes" time="0.127" /><testcase classname="tests.test_medical_narration" name="test_checkpoints_ask_listen_and_continue_on_silence_or_answer_a_question" time="0.039" /><testcase classname="tests.test_medical_narration" name="test_a_broken_speaker_stops_the_narration_with_a_named_error" time="0.034" /><testcase classname="tests.test_medical_narration" name="test_the_speaker_uses_the_local_voice_by_default_and_falls_back_from_a_spent_cloud_quota" time="0.039" /><testcase classname="tests.test_medical_narration" name="test_the_service_plays_a_document_answers_without_a_model_honestly_and_refuses_a_second_narration" time="0.313" /><testcase classname="tests.test_medical_narration" name="test_an_answer_is_grounded_in_the_segment_and_its_pages" time="0.208" /><testcase classname="tests.test_medical_pipelines" name="test_a_well_formed_question_item_produces_no_problems" time="0.039" /><testcase classname="tests.test_medical_pipelines" name="test_a_missing_required_field_is_named_with_its_path" time="0.033" /><testcase classname="tests.test_medical_pipelines" name="test_an_answer_key_outside_the_enum_is_rejected" time="0.040" /><testcase classname="tests.test_medical_pipelines" name="test_a_wrong_type_stops_the_walk_at_that_node_instead_of_cascading" time="0.032" /><testcase classname="tests.test_medical_pipelines" name="test_nested_option_problems_carry_their_index" time="0.034" /><testcase classname="tests.test_medical_pipelines" name="test_an_integer_below_its_minimum_is_reported" time="0.031" /><testcase classname="tests.test_medical_pipelines" name="test_an_integer_above_its_maximum_is_reported" time="0.038" /><testcase classname="tests.test_medical_pipelines" name="test_a_boolean_is_not_treated_as_a_number_for_range_checks" time="0.035" /><testcase classname="tests.test_medical_pipelines" name="test_an_over_long_string_is_reported_with_its_limit" time="0.033" /><testcase classname="tests.test_medical_pipelines" name="test_too_few_options_are_rejected_so_a_one_option_question_never_survives" time="0.033" /><testcase classname="tests.test_medical_pipelines" name="test_an_empty_question_list_is_rejected_by_the_batch_schema" time="0.036" /><testcase classname="tests.test_medical_pipelines" name="test_unknown_extra_keys_are_ignored_rather_than_failing_the_reply" time="0.037" /><testcase classname="tests.test_medical_pipelines" name="test_every_problem_in_a_batch_is_reported_not_only_the_first" time="0.030" /><testcase classname="tests.test_medical_pipelines" name="test_coercion_trims_an_over_long_string_so_the_reply_survives" time="0.033" /><testcase classname="tests.test_medical_pipelines" name="test_coercion_reaches_into_nested_arrays_of_objects" time="0.033" /><testcase classname="tests.test_medical_pipelines" name="test_coercion_drops_items_beyond_the_array_maximum" time="0.039" /><testcase classname="tests.test_medical_pipelines" name="test_coercion_leaves_values_it_has_no_rule_for_untouched" time="0.035" /><testcase classname="tests.test_medical_pipelines" name="test_coercion_never_invents_a_missing_required_field" time="0.034" /><testcase classname="tests.test_medical_pipelines" name="test_plain_json_is_parsed" time="0.034" /><testcase classname="tests.test_medical_pipelines" name="test_a_fenced_json_block_is_unwrapped" time="0.039" /><testcase classname="tests.test_medical_pipelines" name="test_an_unlabelled_fence_is_unwrapped_too" time="0.032" /><testcase classname="tests.test_medical_pipelines" name="test_json_buried_in_prose_is_recovered" time="0.037" /><testcase classname="tests.test_medical_pipelines" name="test_a_bare_array_reply_is_recovered" time="0.038" /><testcase classname="tests.test_medical_pipelines" name="test_an_empty_reply_is_refused_rather_than_read_as_an_empty_result[]" time="0.038" /><testcase classname="tests.test_medical_pipelines" name="test_an_empty_reply_is_refused_rather_than_read_as_an_empty_result[   ]" time="0.034" /><testcase classname="tests.test_medical_pipelines" name="test_an_empty_reply_is_refused_rather_than_read_as_an_empty_result[None]" time="0.032" /><testcase classname="tests.test_medical_pipelines" name="test_a_reply_with_no_json_at_all_is_refused" time="0.035" /><testcase classname="tests.test_medical_pipelines" name="test_broken_json_inside_braces_raises_rather_than_returning_a_guess" time="0.036" /><testcase classname="tests.test_medical_pipelines" name="test_a_client_without_a_gateway_reports_itself_unavailable" time="0.036" /><testcase classname="tests.test_medical_pipelines" name="test_a_valid_first_reply_is_returned_without_a_second_call" time="0.035" /><testcase classname="tests.test_medical_pipelines" name="test_the_schema_is_sent_as_a_response_format_and_named_without_dots" time="0.034" /><testcase classname="tests.test_medical_pipelines" name="test_a_pipeline_call_never_offers_the_model_the_assistant_tools" time="0.038" /><testcase classname="tests.test_medical_pipelines" name="test_images_are_forwarded_and_marked_as_a_vision_call" time="0.036" /><testcase classname="tests.test_medical_pipelines" name="test_a_configured_model_is_passed_through_and_an_empty_one_is_not" time="0.034" /><testcase classname="tests.test_medical_pipelines" name="test_an_unparsable_reply_is_repaired_on_a_second_call_that_quotes_the_problem" time="0.038" /><testcase classname="tests.test_medical_pipelines" name="test_a_schema_violation_is_repaired_with_the_violation_named" time="0.039" /><testcase classname="tests.test_medical_pipelines" name="test_two_bad_replies_raise_instead_of_returning_the_malformed_data" time="0.034" /><testcase classname="tests.test_medical_pipelines" name="test_a_single_attempt_client_does_not_retry" time="0.035" /><testcase classname="tests.test_medical_pipelines" name="test_an_over_long_string_is_trimmed_before_validation_rather_than_rejected" time="0.034" /><testcase classname="tests.test_medical_pipelines" name="test_a_slow_provider_times_out_with_a_turkish_message" time="0.094" /><testcase classname="tests.test_medical_pipelines" name="test_a_transport_failure_is_wrapped_with_its_type_and_not_leaked_raw" time="0.035" /><testcase classname="tests.test_medical_pipelines" name="test_a_free_text_call_sends_no_response_format_and_returns_the_reply" time="0.040" /><testcase classname="tests.test
[...]
exist_and_decode_as_utf8" time="0.071" /><testcase classname="tests.test_nova_web" name="test_asset_list_matches_the_web_directory_exactly" time="0.048" /><testcase classname="tests.test_nova_web" name="test_index_links_every_stylesheet_and_script_in_order" time="0.045" /><testcase classname="tests.test_nova_web" name="test_every_script_parses_as_modern_javascript" time="0.116" /><testcase classname="tests.test_nova_web" name="test_syntax_gate_detects_broken_javascript" time="0.049" /><testcase classname="tests.test_nova_web" name="test_scripts_run_in_strict_mode_and_boot_on_dom_ready" time="0.043" /><testcase classname="tests.test_nova_web" name="test_referenced_element_ids_exist" time="0.060" /><testcase classname="tests.test_nova_web" name="test_javascript_calls_match_the_python_bridge_api" time="0.070" /><testcase classname="tests.test_nova_web" name="test_demo_bridge_mirrors_the_python_api_exactly" time="0.052" /><testcase classname="tests.test_nova_web" name="test_lifecycle_hooks_are_not_exposed_to_the_page" time="0.052" /><testcase classname="tests.test_nova_web" name="test_python_push_kinds_are_all_handled_by_the_page" time="0.062" /><testcase classname="tests.test_nova_web" name="test_demo_mode_is_opt_in_and_never_a_fallback" time="0.046" /><testcase classname="tests.test_nova_web" name="test_demo_data_is_always_labelled" time="0.049" /><testcase classname="tests.test_nova_web" name="test_boot_lines_come_from_the_real_snapshot" time="0.047" /><testcase classname="tests.test_nova_web" name="test_unavailable_metrics_are_labelled_not_invented" time="0.052" /><testcase classname="tests.test_nova_web" name="test_page_declares_the_failure_and_confirmation_ui" time="0.067" /><testcase classname="tests.test_nova_web" name="test_delete_key_asks_for_confirmation_before_calling_python" time="0.065" /><testcase classname="tests.test_nova_web" name="test_memory_deletion_asks_for_confirmation_and_forgetting_is_explicit" time="0.065" /><testcase classname="tests.test_nova_web" name="test_file_access_changes_ask_first_and_pass_the_confirmation_flag" time="0.063" /><testcase classname="tests.test_nova_web" name="test_approval_overlay_offers_no_blanket_permission" time="0.057" /><testcase classname="tests.test_nova_web" name="test_chat_autoscroll_is_conditional_and_keyboard_scrolling_exists" time="0.064" /><testcase classname="tests.test_nova_web" name="test_page_handles_tray_navigation_and_pause" time="0.056" /><testcase classname="tests.test_nova_web" name="test_command_palette_and_compact_mode_are_wired" time="0.058" /><testcase classname="tests.test_nova_web" name="test_landmark_labels_are_projected_in_the_mesh_own_space" time="0.109" /><testcase classname="tests.test_nova_web" name="test_an_anchor_the_mesh_cannot_contain_draws_no_label" time="0.132" /><testcase classname="tests.test_nova_web" name="test_the_lab_has_one_model_transform_for_geometry_and_labels" time="0.075" /><testcase classname="tests.test_nova_web" name="test_the_import_report_and_a_paused_import_reach_the_student" time="0.060" /><testcase classname="tests.test_nova_web" name="test_css_ignores_the_os_reduced_motion_setting" time="0.066" /><testcase classname="tests.test_nova_web" name="test_design_tokens_live_in_one_place" time="0.097" /><testcase classname="tests.test_nova_web" name="test_motion_vocabulary_is_shared_by_scripts_and_styles" time="0.055" /><testcase classname="tests.test_nova_web" name="test_user_facing_text_is_turkish" time="0.065" /><testcase classname="tests.test_nova_web" name="test_notification_centre_is_declared_and_fed_only_by_pushes" time="0.059" /><testcase classname="tests.test_nova_web" name="test_reply_chips_show_real_timing_only" time="0.051" /><testcase classname="tests.test_nova_web" name="test_routines_panel_is_declared_and_driven_by_the_core" time="0.052" /><testcase classname="tests.test_nova_web" name="test_routine_editor_is_declared_and_uses_the_bridge" time="0.063" /><testcase classname="tests.test_nova_web" name="test_voice_silence_settings_are_labelled_for_the_settings_screen" time="0.053" /><testcase classname="tests.test_nova_web" name="test_a_figure_question_renders_its_lecture_page_and_nothing_without_one" time="0.090" /><testcase classname="tests.test_nova_web" name="test_the_review_puts_the_wrong_answers_first_with_their_explanation" time="0.080" /><testcase classname="tests.test_nova_web" name="test_a_z_up_asset_is_turned_into_the_viewer_frame_once" time="0.090" /><testcase classname="tests.test_nova_web" name="test_bell_ringer_grading_forgives_spelling_but_not_the_wrong_structure" time="0.088" /><testcase classname="tests.test_nova_web" name="test_the_lab_turns_the_model_about_the_viewer_axes" time="0.131" /><testcase classname="tests.test_nova_web" name="test_the_lab_pans_along_the_screen_and_the_old_orbit_still_reads" time="0.080" /><testcase classname="tests.test_nova_web" name="test_the_lab_stage_is_black_and_its_tissues_matte_and_distinct" time="0.079" /><testcase classname="tests.test_nova_web" name="test_lab_isolation_preserves_layer_choices_and_only_draws_selected_structure" time="0.145" /><testcase classname="tests.test_nova_web" name="test_scene_loading_discards_old_replies_and_finishes_partial_failures" time="0.086" /><testcase classname="tests.test_nova_web" name="test_scene_with_no_readable_models_stops_loading" time="0.095" /><testcase classname="tests.test_nova_web" name="test_lab_drawing_buffer_is_sharp_bounded_and_not_reallocated_on_every_draw" time="0.119" /><testcase classname="tests.test_nova_web" name="test_lab_camera_presets_fit_portrait_views_and_ignore_unknown_names" time="0.087" /><testcase classname="tests.test_nova_web" name="test_lab_fullscreen_roundtrip_handles_native_and_rejected_api[True]" time="0.091" /><testcase classname="tests.test_nova_web" name="test_lab_fullscreen_roundtrip_handles_native_and_rejected_api[False]" time="0.095" /><testcase classname="tests.test_nova_web" name="test_lab_webgl_failure_does_not_recurse_or_discard_registered_mesh" time="0.081" /><testcase classname="tests.test_nova_web" name="test_lab_labels_are_separated_without_moving_the_anatomical_anchor" time="0.093" /><testcase classname="tests.test_nova_web" name="test_lab_isolated_mesh_and_labels_use_selected_bounds_not_whole_scene" time="0.105" /><testcase classname="tests.test_nova_web" name="test_lab_redraws_are_coalesced_per_animation_frame" time="0.081" /><testcase classname="tests.test_nova_web" name="test_lab_vertex_normals_rotate_with_geometry[y-expected0]" time="0.079" /><testcase classname="tests.test_nova_web" name="test_lab_vertex_normals_rotate_with_geometry[z-expected1]" time="0.081" /><testcase classname="tests.test_nova_web" name="test_the_lab_hides_its_schematic_map_by_attribute_so_the_canvas_gets_the_mouse" time="0.078" /><testcase classname="tests.test_nova_web" name="test_the_lab_shader_keeps_contrast_without_a_highlight" time="0.051" /><testcase classname="tests.test_nova_web" name="test_a_card_renders_its_tables_with_the_first_cell_as_a_row_heading" time="0.060" /><testcase classname="tests.test_nova_web" name="test_a_scene_with_a_palette_is_drawn_and_hidden_structure_by_structure" time="0.067" /><testcase classname="tests.test_nova_web" name="test_a_bell_ringer_answer_is_saved_once_and_advances_once" time="0.066" /><testcase classname="tests.test_nova_web" name="test_repeated_clicks_and_enter_on_one_station_submit_it_once" time="0.074" /><testcase classname="tests.test_nova_web" name="test_the_bell_and_a_manual_answer_close_together_count_one_answer" time="0.068" /><testcase classname="tests.test_nova_web" name="test_a_failed_save_is_reported_and_retried_without_a_second_record" time="0.061" /><testcase classname="tests.test_nova_web" name="test_finishing_the_exam_while_a_save_is_pending_leaves_the_late_reply_inert" time="0.062" /><testcase classname="tests.test_nova_web" name="test_a_new_exam_started_before_the_old_reply_is_not_touched_by_it" time="0.068" /><testcase classname="tests.test_nova_web" name="test_a_station_is_graded_against_its_own_pin_whatever_is_selected" time="0.060" /><testcase classname="tests.test_nova_web" name="test_a_station_still_loading_its_specimen_cannot_be_answered" time="0.063" /><testcase classname="tests.test_nova_web" name="test_study_markup_labels_estimates_hides_answers_and_speaks_turkish" time="0.066" /><testcase classname="tests.test_nova_web" name="test_the_study_screens_are_declared_wired_and_confirmed" time="0.059" /><testcase classname="tests.test_nova_web" name="test_hidden_really_hides_every_panel_the_page_toggles" time="0.072" /><testcase classname="tests.test_nova_web" name="test_notification_cards_wrap_without_flex_shrinking_and_scene_picker_is_readable" time="0.047" /><testcase classname="tests.test_ui_nova" name="test_importing_nova_opens_no_window" time="0.047" /><testcase classname="tests.test_ui_nova" name="test_jsonable_is_safe_and_predictable" time="0.045" /><testcase classname="tests.test_ui_nova" name="test_boot_returns_live_state_without_secrets" time="0.242" /><testcase classname="tests.test_ui_nova" name="test_boot_reflects_real_memory_tasks_and_history" time="0.255" /><testcase classname="tests.test_ui_nova" name="test_settings_snapshot_carries_only_non_secret_fields" time="0.223" /><testcase classname="tests.test_ui_nova" name="test_delete_api_key_requires_explicit_confirmation" time="0.332" /><testcase classname="tests.test_ui_nova" name="test_save_settings_keeps_secret_out_of_preferences_and_replies" time="0.349" /><testcase classname="tests.test_ui_nova" name="test_settings_methods_report_missing_service" time="0.236" /><testcase classname="tests.test_ui_nova" name="test_empty_command_is_rejected_before_reaching_the_core" time="0.215" /><testcase classname="tests.test_ui_nova" name="test_second_command_is_rejected_while_the_first_runs" time="0.294" /><testcase classname="tests.test_ui_nova" name="test_streamed_chunks_reach_the_page_in_order" time="0.445" /><testcase classname="tests.test_ui_nova" name="test_core_failure_is_reported_as_a_system_message" time="0.238" /><testcase classname="tests.test_ui_nova" name="test_voice_session_start_and_stop_flow" time="0.249" /><testcase classname="tests.test_ui_nova" name="test_voice_failure_is_reported_honestly" time="0.248" /><testcase classname="tests.test_ui_nova" name="test_voice_unavailable_is_reported" time="0.286" /><testcase classname="tests.test_ui_nova" name="test_vision_failure_reaches_the_page_without_internals" time="0.318" /><testcase classname="tests.test_ui_nova" name="test_vision_unavailable_is_reported" time="0.251" /><testcase classname="tests.test_ui_nova" name="test_research_failure_and_bounds" time="0.378" /><testcase classname="tests.test_ui_nova" name="test_approval_is_token_bound_and_single_use" time="0.261" /><testcase classname="tests.test_ui_nova" name="test_approval_only_accepts_a_real_boolean_yes" time="0.254" /><testcase classname="tests.test_ui_nova" name="test_approval_times_out_as_denied" time="0.295" /><testcase classname="tests.test_ui_nova" name="test_approval_fails_closed_without_a_ready_page" time="0.224" /><testcase classname="tests.test_ui_nova" name="test_shutdown_denies_pending_approvals_and_silences_pushes" time="0.244" /><testcase classname="tests.test_ui_nova" name="test_source_web_root_contains_every_asset" time="0.053" /><testcase classname="tests.test_ui_nova" name="test_frozen_bundle_web_root_is_preferred" time="0.075" /><testcase classname="tests.test_ui_nova" name="test_missing_assets_are_reported_explicitly" time="0.049" /><testcase classname="tests.test_ui_nova" name="test_webview_storage_lives_in_the_state_directory" time="0.048" /><testcase classname="tests.test_ui_nova" name="test_launch_nova_releases_resources_exactly_once" time="0.230" /><testcase classname="tests.test_ui_nova" name="test_launch_nova_reports_missing_assets_before_opening" time="0.203" /><testcase classname="tests.test_ui_nova" name="test_launch_desktop_prefers_nova" time="0.343" /><testcase classname="tests.test_ui_nova" name="test_launch_desktop_honours_explicit_classic_request" time="0.243" /><testcase classname="tests.test_ui_nova" name="test_launch_desktop_reads_classic_flag_from_argv" time="0.220" /><testcase classname="tests.test_ui_nova" name="test_launch_desktop_falls_back_when_nova_cannot_import" time="0.205" /><testcase classname="tests.test_ui_nova" name="test_launch_desktop_falls_back_when_webview2_runtime_is_missing" time="0.202" /><testcase classname="tests.test_ui_nova" name="test_detect_webview2_runtime_never_raises" time="0.062" /><testcase classname="tests.test_ui_nova" name="test_detection_prefers_the_loader_then_the_registry" time="0.048" /><testcase classname="tests.test_ui_nova" name="test_detection_survives_a_broken_loader" time="0.054" /><testcase classname="tests.test_ui_nova" name="test_packaged_entrypoint_accepts_classic_flag" time="0.084" /><testcase classname="tests.test_ui_nova" name="test_command_callback_firing_synchronously_does_not_deadlock" time="0.235" /><testcase classname="tests.test_ui_nova" name="test_voice_callback_firing_synchronously_does_not_deadlock" time="0.283" /><testcase classname="tests.test_ui_nova" name="test_boot_carries_runtime_facts_without_secrets" time="0.273" /><testcase classname="tests.test_ui_nova" name="test_tool_executions_are_pushed_as_activity" time="0.298" /><testcase classname="tests.test_ui_nova" name="test_diagnostic_events_are_pushed_live" time="0.290" /><testcase classname="tests.test_ui_nova" name="test_observers_follow_a_runtime_rebuild" time="0.399" /><testcase classname="tests.test_ui_nova" name="test_conversation_lifecycle_through_the_bridge" time="0.271" /><testcase classname="tests.test_ui_nova" name="test_conversation_switches_are_refused_while_busy" time="0.347" /><testcase classname="tests.test_ui_nova" name="test_memory_actions_require_confirmation_and_report" time="0.289" /><testcase classname="tests.test_ui_nova" name="test_system_status_reports_measured_values" time="0.337" /><testcase classname="tests.test_ui_nova" name="test_diagnostic_events_are_bounded_and_filterable" time="0.325" /><testcase classname="tests.test_ui_nova" name="test_permission_audit_lists_engine_decisions" time="0.290" /><testcase classname="tests.test_ui_nova" name="test_set_paused_from_the_page" time="0.335" /><testcase classname="tests.test_ui_nova" name="test_set_compact_resizes_and_pins_the_window" time="0.371" /><testcase classname="tests.test_ui_nova" name="test_voice_levels_are_pushed_while_listening" time="0.355" /><testcase classname="tests.test_ui_nova" name="test_approval_payload_carries_source_and_tool_description" time="0.488" /><testcase classname="tests.test_ui_nova" name="test_tray_voice_action_starts_the_session_and_reports_failures" time="0.527" /><testcase classname="tests.test_ui_nova" name="test_logical_screen_bounds_fall_back_to_pywebview_screens" time="0.135" /><testcase classname="tests.test_ui_nova" name="test_file_access_is_reported_unavailable_without_windows" time="0.299" /><testcase classname="tests.test_ui_nova" name="test_file_roots_are_granted_and_revoked_with_confirmation" time="0.301" /><testcase classname="tests.test_ui_nova" name="test_pick_file_root_uses_the_native_folder_dialog" time="0.269" /><testcase classname="tests.test_ui_nova" name="test_snapshots_are_listed_and_restored_with_confirmation" time="0.317" /><testcase classname="tests.test_ui_nova" name="test_boot_reports_the_centre_and_starts_reminder_delivery" time="0.284" /><testcase classname="tests.test_ui_nova" name="test_due_reminders_reach_the_page_as_notifications" time="0.295" /><testcase classname="tests.test_ui_nova" name="test_notification_centre_api_marks_dismisses_and_clears" time="0.302" /><testcase classname="tests.test_ui_nova" name="test_unattended_window_routes_alerts_to_the_os_notifier" time="0.438" /><testcase classname="tests.test_ui_nova" name="test_os_notifications_respect_the_setting_and_the_in_flight_bound" time="0.363" /><testcase classname="tests.test_ui_nova" name="test_reply_on_a_hidden_window_becomes_a_notification" time="0.283" /><testcase classname="tests.test_ui_nova" name="test_approval_on_a_hidden_window_is_collected_and_alerted" time="0.310" /><testcase classname="tests.test_ui_nova" name="test_vision_and_research_results_on_a_hidden_window_are_collected" time="0.299" /><testcase classname="tests.test_ui_nova" name="test_screen_observations_and_ledger_warnings_enter_the_centre" time="0.299" /><testcase classname="tests.test_ui_nova" name="test_tray_actions_track_whether_the_window_is_attended" time="0.284" /><testcase classname="tests.test_ui_nova" name="test_launch_nova_installs_an_os_notifier_and_window_visibility_hooks" time="0.297" /><testcase classname="tests.test_ui_nova" name="test_boot_warms_the_provider_connection_on_the_runner" time="0.267" /><testcase classname="tests.test_ui_nova" name="test_boot_lists_routines_and_starts_their_watch" time="0.269" /><testcase classname="tests.test_ui_nova" name="test_due_routine_runs_through_the_core_and_lands_in_the_centre" time="0.346" /><testcase classname="tests.test_ui_nova" name="test_routine_failures_are_reported_not_hidden" time="0.307" /><testcase classname="tests.test_ui_nova" name="test_paused_or_busy_desktop_defers_a_due_routine" time="0.277" /><testcase classname="tests.test_ui_nova" name="test_deleting_a_routine_needs_confirmation_and_is_recorded" time="0.318" /><testcase classname="tests.test_ui_nova" name="test_webview_caches_are_cleared_only_when_the_assets_change" time="0.110" /><testcase classname="tests.test_ui_nova" name="test_routines_can_be_created_from_the_desktop_with_the_tool_rules" time="0.270" /><testcase classname="tests.test_ui_nova" name="test_notifications_survive_a_bridge_restart" time="0.458" /><testcase classname="tests.test_ui_nova" name="test_importing_a_document_honours_the_pause_gate" time="0.267" /><testcase classname="tests.test_ui_nova" name="test_a_question_import_reports_what_it_dropped_to_the_page" time="0.299" /><testcase classname="tests.test_ui_nova" name="test_every_medical_event_that_promises_a_notification_gets_one" time="0.283" /><testcase classname="tests.test_ui_nova" name="test_a_background_quiz_puts_its_first_question_in_the_notification_centre" time="0.309" /><testcase classname="tests.test_ui_nova" name="test_a_failed_background_job_reaches_the_notification_centre" time="0.295" /><testcase classname="tests.test_ui_nova" name="test_the_medical_picker_can_choose_a_folder" time="0.279" /><testcase classname="tests.test_ui_nova" name="test_a_folder_import_runs_in_the_background_and_reports_to_the_page" time="0.334" /><testcase classname="tests.test_ui_nova" name="test_a_folder_import_honours_the_pause_gate" time="0.283" /><testcase classname="tests.test_ui_nova" name="test_mining_professors_runs_in_the_background_and_reports_to_the_page" time="0.342" /><testcase classname="tests.test_ui_nova" name="test_narration_state_commands_and_the_voice_session_exclusion" time="0.299" /><testcase classname="tests.test_ui_nova" name="test_continuing_pending_model_work_is_a_background_job_with_honest_refusals" time="0.304" /><testcase classname="tests.test_ui_nova" name="test_a_reminder_handed_out_again_is_not_shown_twice" time="0.303" /><testcase classname="tests.test_ui_nova" name="test_an_unavailable_native_toast_is_not_a_failed_delivery" time="0.284" /><testcase classname="tests.test_ui_nova" name="test_a_reminder_the_centre_accepted_is_acknowledged_in_the_store" time="0.378" /><testcase classname="tests.test_ui_nova" name="test_study_actions_answer_at_once_and_destructive_ones_need_confirmation" time="0.277" /><testcase classname="tests.test_ui_nova" name="test_async_study_actions_run_as_jobs_and_honour_the_pause_gate" time="0.282" /><testcase classname="tests.test_ui_nova" name="test_a_study_job_reports_back_to_the_page" time="0.293" /><testcase classname="tests.test_ui_nova" name="test_an_exam_answer_carries_confidence_over_the_bridge" time="0.286" /></testsuite></testsuites>